---------------------------------------------------------------
[ 2019-01-02T15:00:51+08:00 ] 127.0.0.1 GET www.oa.com/
[运行时间：0.383979s] [吞吐率：2.60req/s] [内存消耗：1,699.70kb] [文件加载：47]
[ info ] [ LANG ] D:\myBlog_web\houtai\OAofficeSystem\thinkphp\lang\zh-cn.php
[ info ] [ BIND ] 'oa'
[ info ] [ ROUTE ] array (
  'type' => 'module',
  'module' => 
  array (
    0 => 'oa',
    1 => NULL,
    2 => NULL,
  ),
)
[ info ] [ HEADER ] array (
  'host' => 'www.oa.com',
  'user-agent' => 'Mozilla/5.0 (Windows NT 10.0; WOW64) AppleWebKit/537.36 (KHTML, like Gecko) Chrome/70.0.3538.102 Safari/537.36',
  'accept' => 'text/html,application/xhtml+xml,application/xml;q=0.9,image/webp,image/apng,*/*;q=0.8',
  'accept-encoding' => 'gzip, deflate',
  'accept-language' => 'zh-CN,zh;q=0.9',
  'proxy-connection' => 'keep-alive',
  'upgrade-insecure-requests' => '1',
  'x-lantern-version' => '5.2.2',
)
[ info ] [ PARAM ] array (
)
[ info ] [ SESSION ] INIT array (
  'id' => '',
  'var_session_id' => '',
  'prefix' => 'think',
  'type' => '',
  'auto_start' => true,
)
[ info ] [ VIEW ] D:\myBlog_web\houtai\OAofficeSystem\thinkphp\tpl\dispatch_jump.tpl [ array (
  0 => 'code',
  1 => 'msg',
  2 => 'data',
  3 => 'url',
  4 => 'wait',
) ]
[ info ] [ LOG ] INIT File
---------------------------------------------------------------
[ 2019-01-02T15:00:53+08:00 ] 127.0.0.1 GET www.oa.com/login/index.html
[运行时间：0.074798s] [吞吐率：13.37req/s] [内存消耗：1,692.13kb] [文件加载：45]
[ info ] [ LANG ] D:\myBlog_web\houtai\OAofficeSystem\thinkphp\lang\zh-cn.php
[ info ] [ BIND ] 'oa'
[ info ] [ ROUTE ] array (
  'type' => 'module',
  'module' => 
  array (
    0 => 'oa',
    1 => 'login',
    2 => 'index',
  ),
)
[ info ] [ HEADER ] array (
  'host' => 'www.oa.com',
  'user-agent' => 'Mozilla/5.0 (Windows NT 10.0; WOW64) AppleWebKit/537.36 (KHTML, like Gecko) Chrome/70.0.3538.102 Safari/537.36',
  'accept' => 'text/html,application/xhtml+xml,application/xml;q=0.9,image/webp,image/apng,*/*;q=0.8',
  'accept-encoding' => 'gzip, deflate',
  'accept-language' => 'zh-CN,zh;q=0.9',
  'cookie' => 'PHPSESSID=b6fauo4crg4oqve33oskrtg7n0',
  'proxy-connection' => 'keep-alive',
  'referer' => 'http://www.oa.com/',
  'upgrade-insecure-requests' => '1',
  'x-lantern-version' => '5.2.2',
)
[ info ] [ PARAM ] array (
  'login/index_html' => '',
)
[ info ] [ RUN ] app\oa\controller\Login->index[ D:\myBlog_web\houtai\OAofficeSystem\application\oa\controller\Login.php ]
[ info ] [ VIEW ] D:\myBlog_web\houtai\OAofficeSystem\public/../application/oa\view\.\login.html [ array (
) ]
[ info ] [ LOG ] INIT File
---------------------------------------------------------------
[ 2019-01-02T15:00:54+08:00 ] 127.0.0.1 GET www.oa.com/login/showyzm.html
[运行时间：0.147706s] [吞吐率：6.77req/s] [内存消耗：1,686.41kb] [文件加载：44]
[ info ] [ LANG ] D:\myBlog_web\houtai\OAofficeSystem\thinkphp\lang\zh-cn.php
[ info ] [ BIND ] 'oa'
[ info ] [ ROUTE ] array (
  'type' => 'module',
  'module' => 
  array (
    0 => 'oa',
    1 => 'login',
    2 => 'showyzm',
  ),
)
[ info ] [ HEADER ] array (
  'host' => 'www.oa.com',
  'user-agent' => 'Mozilla/5.0 (Windows NT 10.0; WOW64) AppleWebKit/537.36 (KHTML, like Gecko) Chrome/70.0.3538.102 Safari/537.36',
  'accept' => 'image/webp,image/apng,image/*,*/*;q=0.8',
  'accept-encoding' => 'gzip, deflate',
  'accept-language' => 'zh-CN,zh;q=0.9',
  'cookie' => 'PHPSESSID=b6fauo4crg4oqve33oskrtg7n0',
  'proxy-connection' => 'keep-alive',
  'referer' => 'http://www.oa.com/login/index.html',
  'x-lantern-version' => '5.2.2',
)
[ info ] [ PARAM ] array (
  'login/showyzm_html' => '',
)
[ info ] [ RUN ] app\oa\controller\Login->showyzm[ D:\myBlog_web\houtai\OAofficeSystem\application\oa\controller\Login.php ]
[ info ] [ SESSION ] INIT array (
  'id' => '',
  'var_session_id' => '',
  'prefix' => 'think',
  'type' => '',
  'auto_start' => true,
)
[ info ] [ LOG ] INIT File
---------------------------------------------------------------
[ 2019-01-02T15:01:04+08:00 ] 127.0.0.1 GET www.oa.com/login/showyzm/0.1132663080233487
[运行时间：0.039920s] [吞吐率：25.05req/s] [内存消耗：1,686.54kb] [文件加载：44]
[ info ] [ LANG ] D:\myBlog_web\houtai\OAofficeSystem\thinkphp\lang\zh-cn.php
[ info ] [ BIND ] 'oa'
[ info ] [ ROUTE ] array (
  'type' => 'module',
  'module' => 
  array (
    0 => 'oa',
    1 => 'login',
    2 => 'showyzm',
  ),
)
[ info ] [ HEADER ] array (
  'host' => 'www.oa.com',
  'user-agent' => 'Mozilla/5.0 (Windows NT 10.0; WOW64) AppleWebKit/537.36 (KHTML, like Gecko) Chrome/70.0.3538.102 Safari/537.36',
  'accept' => 'image/webp,image/apng,image/*,*/*;q=0.8',
  'accept-encoding' => 'gzip, deflate',
  'accept-language' => 'zh-CN,zh;q=0.9',
  'cookie' => 'PHPSESSID=b6fauo4crg4oqve33oskrtg7n0',
  'proxy-connection' => 'keep-alive',
  'referer' => 'http://www.oa.com/login/index.html',
  'x-lantern-version' => '5.2.2',
)
[ info ] [ PARAM ] array (
  'login/showyzm/0_1132663080233487' => '',
)
[ info ] [ RUN ] app\oa\controller\Login->showyzm[ D:\myBlog_web\houtai\OAofficeSystem\application\oa\controller\Login.php ]
[ info ] [ SESSION ] INIT array (
  'id' => '',
  'var_session_id' => '',
  'prefix' => 'think',
  'type' => '',
  'auto_start' => true,
)
[ info ] [ LOG ] INIT File
---------------------------------------------------------------
[ 2019-01-02T15:01:04+08:00 ] 127.0.0.1 GET www.oa.com/login/showyzm/0.8373469709539005
[运行时间：0.039335s] [吞吐率：25.42req/s] [内存消耗：1,686.55kb] [文件加载：44]
[ info ] [ LANG ] D:\myBlog_web\houtai\OAofficeSystem\thinkphp\lang\zh-cn.php
[ info ] [ BIND ] 'oa'
[ info ] [ ROUTE ] array (
  'type' => 'module',
  'module' => 
  array (
    0 => 'oa',
    1 => 'login',
    2 => 'showyzm',
  ),
)
[ info ] [ HEADER ] array (
  'host' => 'www.oa.com',
  'user-agent' => 'Mozilla/5.0 (Windows NT 10.0; WOW64) AppleWebKit/537.36 (KHTML, like Gecko) Chrome/70.0.3538.102 Safari/537.36',
  'accept' => 'image/webp,image/apng,image/*,*/*;q=0.8',
  'accept-encoding' => 'gzip, deflate',
  'accept-language' => 'zh-CN,zh;q=0.9',
  'cookie' => 'PHPSESSID=b6fauo4crg4oqve33oskrtg7n0',
  'proxy-connection' => 'keep-alive',
  'referer' => 'http://www.oa.com/login/index.html',
  'x-lantern-version' => '5.2.2',
)
[ info ] [ PARAM ] array (
  'login/showyzm/0_8373469709539005' => '',
)
[ info ] [ RUN ] app\oa\controller\Login->showyzm[ D:\myBlog_web\houtai\OAofficeSystem\application\oa\controller\Login.php ]
[ info ] [ SESSION ] INIT array (
  'id' => '',
  'var_session_id' => '',
  'prefix' => 'think',
  'type' => '',
  'auto_start' => true,
)
[ info ] [ LOG ] INIT File
---------------------------------------------------------------
[ 2019-01-02T15:01:10+08:00 ] 127.0.0.1 POST www.oa.com/login/dologin.html
[运行时间：0.342767s] [吞吐率：2.92req/s] [内存消耗：2,825.63kb] [文件加载：55]
[ info ] [ LANG ] D:\myBlog_web\houtai\OAofficeSystem\thinkphp\lang\zh-cn.php
[ info ] [ BIND ] 'oa'
[ info ] [ ROUTE ] array (
  'type' => 'module',
  'module' => 
  array (
    0 => 'oa',
    1 => 'login',
    2 => 'dologin',
  ),
)
[ info ] [ HEADER ] array (
  'host' => 'www.oa.com',
  'user-agent' => 'Mozilla/5.0 (Windows NT 10.0; WOW64) AppleWebKit/537.36 (KHTML, like Gecko) Chrome/70.0.3538.102 Safari/537.36',
  'content-length' => '37',
  'accept' => 'text/html,application/xhtml+xml,application/xml;q=0.9,image/webp,image/apng,*/*;q=0.8',
  'accept-encoding' => 'gzip, deflate',
  'accept-language' => 'zh-CN,zh;q=0.9',
  'cache-control' => 'max-age=0',
  'content-type' => 'application/x-www-form-urlencoded',
  'cookie' => 'PHPSESSID=b6fauo4crg4oqve33oskrtg7n0',
  'origin' => 'http://www.oa.com',
  'proxy-connection' => 'keep-alive',
  'referer' => 'http://www.oa.com/login/index.html',
  'upgrade-insecure-requests' => '1',
  'x-lantern-version' => '5.2.2',
)
[ info ] [ PARAM ] array (
  'login/dologin_html' => '',
  'user' => 'admin',
  'password' => 'admin123',
  'yzm' => 'v7v4',
)
[ info ] [ RUN ] app\oa\controller\Login->doLogin[ D:\myBlog_web\houtai\OAofficeSystem\application\oa\controller\Login.php ]
[ info ] [ SESSION ] INIT array (
  'id' => '',
  'var_session_id' => '',
  'prefix' => 'think',
  'type' => '',
  'auto_start' => true,
)
[ info ] [ DB ] INIT mysql
[ info ] [ LOG ] INIT File
[ error ] [1045]SQLSTATE[HY000] [1045] Access denied for user 'oaUser'@'localhost' (using password: YES)[D:\myBlog_web\houtai\OAofficeSystem\thinkphp\library\think\db\Connection.php:295]
---------------------------------------------------------------
[ 2019-01-02T15:07:44+08:00 ] 127.0.0.1 GET www.oa.com/login/dologin.html
[运行时间：0.042321s] [吞吐率：23.63req/s] [内存消耗：1,636.54kb] [文件加载：45]
[ info ] [ LANG ] D:\myBlog_web\houtai\OAofficeSystem\thinkphp\lang\zh-cn.php
[ info ] [ BIND ] 'oa'
[ info ] [ ROUTE ] array (
  'type' => 'module',
  'module' => 
  array (
    0 => 'oa',
    1 => 'login',
    2 => 'dologin',
  ),
)
[ info ] [ HEADER ] array (
  'host' => 'www.oa.com',
  'user-agent' => 'Mozilla/5.0 (Windows NT 10.0; WOW64) AppleWebKit/537.36 (KHTML, like Gecko) Chrome/70.0.3538.102 Safari/537.36',
  'accept' => 'text/html,application/xhtml+xml,application/xml;q=0.9,image/webp,image/apng,*/*;q=0.8',
  'accept-encoding' => 'gzip, deflate',
  'accept-language' => 'zh-CN,zh;q=0.9',
  'cookie' => 'PHPSESSID=b6fauo4crg4oqve33oskrtg7n0',
  'proxy-connection' => 'keep-alive',
  'upgrade-insecure-requests' => '1',
  'x-lantern-version' => '5.2.2',
)
[ info ] [ PARAM ] array (
  'login/dologin_html' => '',
)
[ info ] [ RUN ] app\oa\controller\Login->doLogin[ D:\myBlog_web\houtai\OAofficeSystem\application\oa\controller\Login.php ]
[ info ] [ VIEW ] D:\myBlog_web\houtai\OAofficeSystem\thinkphp\tpl\dispatch_jump.tpl [ array (
  0 => 'code',
  1 => 'msg',
  2 => 'data',
  3 => 'url',
  4 => 'wait',
) ]
[ info ] [ LOG ] INIT File
---------------------------------------------------------------
[ 2019-01-02T15:07:46+08:00 ] 127.0.0.1 GET www.oa.com/login/showyzm.html
[运行时间：0.053490s] [吞吐率：18.70req/s] [内存消耗：1,686.43kb] [文件加载：44]
[ info ] [ LANG ] D:\myBlog_web\houtai\OAofficeSystem\thinkphp\lang\zh-cn.php
[ info ] [ BIND ] 'oa'
[ info ] [ ROUTE ] array (
  'type' => 'module',
  'module' => 
  array (
    0 => 'oa',
    1 => 'login',
    2 => 'showyzm',
  ),
)
[ info ] [ HEADER ] array (
  'host' => 'www.oa.com',
  'user-agent' => 'Mozilla/5.0 (Windows NT 10.0; WOW64) AppleWebKit/537.36 (KHTML, like Gecko) Chrome/70.0.3538.102 Safari/537.36',
  'accept' => 'image/webp,image/apng,image/*,*/*;q=0.8',
  'accept-encoding' => 'gzip, deflate',
  'accept-language' => 'zh-CN,zh;q=0.9',
  'cookie' => 'PHPSESSID=b6fauo4crg4oqve33oskrtg7n0',
  'proxy-connection' => 'keep-alive',
  'referer' => 'http://www.oa.com/login/index.html',
  'x-lantern-version' => '5.2.2',
)
[ info ] [ PARAM ] array (
  'login/showyzm_html' => '',
)
[ info ] [ RUN ] app\oa\controller\Login->showyzm[ D:\myBlog_web\houtai\OAofficeSystem\application\oa\controller\Login.php ]
[ info ] [ SESSION ] INIT array (
  'id' => '',
  'var_session_id' => '',
  'prefix' => 'think',
  'type' => '',
  'auto_start' => true,
)
[ info ] [ LOG ] INIT File
---------------------------------------------------------------
[ 2019-01-02T15:07:53+08:00 ] 127.0.0.1 GET www.oa.com/login/showyzm/0.9386585379964856
[运行时间：0.035709s] [吞吐率：28.00req/s] [内存消耗：1,686.55kb] [文件加载：44]
[ info ] [ LANG ] D:\myBlog_web\houtai\OAofficeSystem\thinkphp\lang\zh-cn.php
[ info ] [ BIND ] 'oa'
[ info ] [ ROUTE ] array (
  'type' => 'module',
  'module' => 
  array (
    0 => 'oa',
    1 => 'login',
    2 => 'showyzm',
  ),
)
[ info ] [ HEADER ] array (
  'host' => 'www.oa.com',
  'user-agent' => 'Mozilla/5.0 (Windows NT 10.0; WOW64) AppleWebKit/537.36 (KHTML, like Gecko) Chrome/70.0.3538.102 Safari/537.36',
  'accept' => 'image/webp,image/apng,image/*,*/*;q=0.8',
  'accept-encoding' => 'gzip, deflate',
  'accept-language' => 'zh-CN,zh;q=0.9',
  'cookie' => 'PHPSESSID=b6fauo4crg4oqve33oskrtg7n0',
  'proxy-connection' => 'keep-alive',
  'referer' => 'http://www.oa.com/login/index.html',
  'x-lantern-version' => '5.2.2',
)
[ info ] [ PARAM ] array (
  'login/showyzm/0_9386585379964856' => '',
)
[ info ] [ RUN ] app\oa\controller\Login->showyzm[ D:\myBlog_web\houtai\OAofficeSystem\application\oa\controller\Login.php ]
[ info ] [ SESSION ] INIT array (
  'id' => '',
  'var_session_id' => '',
  'prefix' => 'think',
  'type' => '',
  'auto_start' => true,
)
[ info ] [ LOG ] INIT File
---------------------------------------------------------------
[ 2019-01-02T15:08:05+08:00 ] 127.0.0.1 POST www.oa.com/login/dologin.html
[运行时间：0.276902s] [吞吐率：3.61req/s] [内存消耗：2,884.36kb] [文件加载：59]
[ info ] [ LANG ] D:\myBlog_web\houtai\OAofficeSystem\thinkphp\lang\zh-cn.php
[ info ] [ BIND ] 'oa'
[ info ] [ ROUTE ] array (
  'type' => 'module',
  'module' => 
  array (
    0 => 'oa',
    1 => 'login',
    2 => 'dologin',
  ),
)
[ info ] [ HEADER ] array (
  'host' => 'www.oa.com',
  'user-agent' => 'Mozilla/5.0 (Windows NT 10.0; WOW64) AppleWebKit/537.36 (KHTML, like Gecko) Chrome/70.0.3538.102 Safari/537.36',
  'content-length' => '37',
  'accept' => 'text/html,application/xhtml+xml,application/xml;q=0.9,image/webp,image/apng,*/*;q=0.8',
  'accept-encoding' => 'gzip, deflate',
  'accept-language' => 'zh-CN,zh;q=0.9',
  'cache-control' => 'max-age=0',
  'content-type' => 'application/x-www-form-urlencoded',
  'cookie' => 'PHPSESSID=b6fauo4crg4oqve33oskrtg7n0',
  'origin' => 'http://www.oa.com',
  'proxy-connection' => 'keep-alive',
  'referer' => 'http://www.oa.com/login/index.html',
  'upgrade-insecure-requests' => '1',
  'x-lantern-version' => '5.2.2',
)
[ info ] [ PARAM ] array (
  'login/dologin_html' => '',
  'user' => 'admin',
  'password' => 'admin123',
  'yzm' => 'wub4',
)
[ info ] [ RUN ] app\oa\controller\Login->doLogin[ D:\myBlog_web\houtai\OAofficeSystem\application\oa\controller\Login.php ]
[ info ] [ SESSION ] INIT array (
  'id' => '',
  'var_session_id' => '',
  'prefix' => 'think',
  'type' => '',
  'auto_start' => true,
)
[ info ] [ DB ] INIT mysql
[ info ] [ LOG ] INIT File
[ sql ] [ DB ] CONNECT:[ UseTime:0.110044s ] mysql:host=127.0.0.1;dbname=tp;charset=utf8
[ error ] [10501]SQLSTATE[42S02]: Base table or view not found: 1146 Table 'tp.oa_member' doesn't exist[D:\myBlog_web\houtai\OAofficeSystem\thinkphp\library\think\db\Connection.php:390]
---------------------------------------------------------------
[ 2019-01-02T15:09:13+08:00 ] 127.0.0.1 POST www.oa.com/login/dologin.html
[运行时间：0.041747s] [吞吐率：23.95req/s] [内存消耗：1,695.73kb] [文件加载：46]
[ info ] [ LANG ] D:\myBlog_web\houtai\OAofficeSystem\thinkphp\lang\zh-cn.php
[ info ] [ BIND ] 'oa'
[ info ] [ ROUTE ] array (
  'type' => 'module',
  'module' => 
  array (
    0 => 'oa',
    1 => 'login',
    2 => 'dologin',
  ),
)
[ info ] [ HEADER ] array (
  'host' => 'www.oa.com',
  'user-agent' => 'Mozilla/5.0 (Windows NT 10.0; WOW64) AppleWebKit/537.36 (KHTML, like Gecko) Chrome/70.0.3538.102 Safari/537.36',
  'content-length' => '37',
  'accept' => 'text/html,application/xhtml+xml,application/xml;q=0.9,image/webp,image/apng,*/*;q=0.8',
  'accept-encoding' => 'gzip, deflate',
  'accept-language' => 'zh-CN,zh;q=0.9',
  'cache-control' => 'max-age=0',
  'content-type' => 'application/x-www-form-urlencoded',
  'cookie' => 'PHPSESSID=b6fauo4crg4oqve33oskrtg7n0',
  'origin' => 'http://www.oa.com',
  'proxy-connection' => 'keep-alive',
  'referer' => 'http://www.oa.com/login/index.html',
  'upgrade-insecure-requests' => '1',
  'x-lantern-version' => '5.2.2',
)
[ info ] [ PARAM ] array (
  'login/dologin_html' => '',
  'user' => 'admin',
  'password' => 'admin123',
  'yzm' => 'wub4',
)
[ info ] [ RUN ] app\oa\controller\Login->doLogin[ D:\myBlog_web\houtai\OAofficeSystem\application\oa\controller\Login.php ]
[ info ] [ SESSION ] INIT array (
  'id' => '',
  'var_session_id' => '',
  'prefix' => 'think',
  'type' => '',
  'auto_start' => true,
)
[ info ] [ VIEW ] D:\myBlog_web\houtai\OAofficeSystem\thinkphp\tpl\dispatch_jump.tpl [ array (
  0 => 'code',
  1 => 'msg',
  2 => 'data',
  3 => 'url',
  4 => 'wait',
) ]
[ info ] [ LOG ] INIT File
---------------------------------------------------------------
[ 2019-01-02T15:09:14+08:00 ] 127.0.0.1 GET www.oa.com/login/showyzm.html
[运行时间：0.097848s] [吞吐率：10.22req/s] [内存消耗：1,686.45kb] [文件加载：44]
[ info ] [ LANG ] D:\myBlog_web\houtai\OAofficeSystem\thinkphp\lang\zh-cn.php
[ info ] [ BIND ] 'oa'
[ info ] [ ROUTE ] array (
  'type' => 'module',
  'module' => 
  array (
    0 => 'oa',
    1 => 'login',
    2 => 'showyzm',
  ),
)
[ info ] [ HEADER ] array (
  'host' => 'www.oa.com',
  'user-agent' => 'Mozilla/5.0 (Windows NT 10.0; WOW64) AppleWebKit/537.36 (KHTML, like Gecko) Chrome/70.0.3538.102 Safari/537.36',
  'accept' => 'image/webp,image/apng,image/*,*/*;q=0.8',
  'accept-encoding' => 'gzip, deflate',
  'accept-language' => 'zh-CN,zh;q=0.9',
  'cookie' => 'PHPSESSID=b6fauo4crg4oqve33oskrtg7n0',
  'proxy-connection' => 'keep-alive',
  'referer' => 'http://www.oa.com/login/index.html',
  'x-lantern-version' => '5.2.2',
)
[ info ] [ PARAM ] array (
  'login/showyzm_html' => '',
)
[ info ] [ RUN ] app\oa\controller\Login->showyzm[ D:\myBlog_web\houtai\OAofficeSystem\application\oa\controller\Login.php ]
[ info ] [ SESSION ] INIT array (
  'id' => '',
  'var_session_id' => '',
  'prefix' => 'think',
  'type' => '',
  'auto_start' => true,
)
[ info ] [ LOG ] INIT File
---------------------------------------------------------------
[ 2019-01-02T15:09:16+08:00 ] 127.0.0.1 GET www.oa.com/login/showyzm/0.7609319711755296
[运行时间：0.035761s] [吞吐率：27.96req/s] [内存消耗：1,686.52kb] [文件加载：44]
[ info ] [ LANG ] D:\myBlog_web\houtai\OAofficeSystem\thinkphp\lang\zh-cn.php
[ info ] [ BIND ] 'oa'
[ info ] [ ROUTE ] array (
  'type' => 'module',
  'module' => 
  array (
    0 => 'oa',
    1 => 'login',
    2 => 'showyzm',
  ),
)
[ info ] [ HEADER ] array (
  'host' => 'www.oa.com',
  'user-agent' => 'Mozilla/5.0 (Windows NT 10.0; WOW64) AppleWebKit/537.36 (KHTML, like Gecko) Chrome/70.0.3538.102 Safari/537.36',
  'accept' => 'image/webp,image/apng,image/*,*/*;q=0.8',
  'accept-encoding' => 'gzip, deflate',
  'accept-language' => 'zh-CN,zh;q=0.9',
  'cookie' => 'PHPSESSID=b6fauo4crg4oqve33oskrtg7n0',
  'proxy-connection' => 'keep-alive',
  'referer' => 'http://www.oa.com/login/index.html',
  'x-lantern-version' => '5.2.2',
)
[ info ] [ PARAM ] array (
  'login/showyzm/0_7609319711755296' => '',
)
[ info ] [ RUN ] app\oa\controller\Login->showyzm[ D:\myBlog_web\houtai\OAofficeSystem\application\oa\controller\Login.php ]
[ info ] [ SESSION ] INIT array (
  'id' => '',
  'var_session_id' => '',
  'prefix' => 'think',
  'type' => '',
  'auto_start' => true,
)
[ info ] [ LOG ] INIT File
---------------------------------------------------------------
[ 2019-01-02T15:09:26+08:00 ] 127.0.0.1 GET www.oa.com/login/showyzm/0.5627232161748028
[运行时间：0.041137s] [吞吐率：24.31req/s] [内存消耗：1,686.52kb] [文件加载：44]
[ info ] [ LANG ] D:\myBlog_web\houtai\OAofficeSystem\thinkphp\lang\zh-cn.php
[ info ] [ BIND ] 'oa'
[ info ] [ ROUTE ] array (
  'type' => 'module',
  'module' => 
  array (
    0 => 'oa',
    1 => 'login',
    2 => 'showyzm',
  ),
)
[ info ] [ HEADER ] array (
  'host' => 'www.oa.com',
  'user-agent' => 'Mozilla/5.0 (Windows NT 10.0; WOW64) AppleWebKit/537.36 (KHTML, like Gecko) Chrome/70.0.3538.102 Safari/537.36',
  'accept' => 'image/webp,image/apng,image/*,*/*;q=0.8',
  'accept-encoding' => 'gzip, deflate',
  'accept-language' => 'zh-CN,zh;q=0.9',
  'cookie' => 'PHPSESSID=b6fauo4crg4oqve33oskrtg7n0',
  'proxy-connection' => 'keep-alive',
  'referer' => 'http://www.oa.com/login/index.html',
  'x-lantern-version' => '5.2.2',
)
[ info ] [ PARAM ] array (
  'login/showyzm/0_5627232161748028' => '',
)
[ info ] [ RUN ] app\oa\controller\Login->showyzm[ D:\myBlog_web\houtai\OAofficeSystem\application\oa\controller\Login.php ]
[ info ] [ SESSION ] INIT array (
  'id' => '',
  'var_session_id' => '',
  'prefix' => 'think',
  'type' => '',
  'auto_start' => true,
)
[ info ] [ LOG ] INIT File
---------------------------------------------------------------
[ 2019-01-02T15:09:34+08:00 ] 127.0.0.1 POST www.oa.com/login/dologin.html
[运行时间：0.102160s] [吞吐率：9.79req/s] [内存消耗：2,880.90kb] [文件加载：59]
[ info ] [ LANG ] D:\myBlog_web\houtai\OAofficeSystem\thinkphp\lang\zh-cn.php
[ info ] [ BIND ] 'oa'
[ info ] [ ROUTE ] array (
  'type' => 'module',
  'module' => 
  array (
    0 => 'oa',
    1 => 'login',
    2 => 'dologin',
  ),
)
[ info ] [ HEADER ] array (
  'host' => 'www.oa.com',
  'user-agent' => 'Mozilla/5.0 (Windows NT 10.0; WOW64) AppleWebKit/537.36 (KHTML, like Gecko) Chrome/70.0.3538.102 Safari/537.36',
  'content-length' => '37',
  'accept' => 'text/html,application/xhtml+xml,application/xml;q=0.9,image/webp,image/apng,*/*;q=0.8',
  'accept-encoding' => 'gzip, deflate',
  'accept-language' => 'zh-CN,zh;q=0.9',
  'cache-control' => 'max-age=0',
  'content-type' => 'application/x-www-form-urlencoded',
  'cookie' => 'PHPSESSID=b6fauo4crg4oqve33oskrtg7n0',
  'origin' => 'http://www.oa.com',
  'proxy-connection' => 'keep-alive',
  'referer' => 'http://www.oa.com/login/index.html',
  'upgrade-insecure-requests' => '1',
  'x-lantern-version' => '5.2.2',
)
[ info ] [ PARAM ] array (
  'login/dologin_html' => '',
  'user' => 'admin',
  'password' => 'admin123',
  'yzm' => 'qzbv',
)
[ info ] [ RUN ] app\oa\controller\Login->doLogin[ D:\myBlog_web\houtai\OAofficeSystem\application\oa\controller\Login.php ]
[ info ] [ SESSION ] INIT array (
  'id' => '',
  'var_session_id' => '',
  'prefix' => 'think',
  'type' => '',
  'auto_start' => true,
)
[ info ] [ DB ] INIT mysql
[ info ] [ LOG ] INIT File
[ sql ] [ DB ] CONNECT:[ UseTime:0.011106s ] mysql:host=127.0.0.1;dbname=tp;charset=utf8
[ sql ] [ SQL ] SHOW COLUMNS FROM `oa_member` [ RunTime:0.014468s ]
[ error ] [10501]SQLSTATE[42S22]: Column not found: 1054 Unknown column 'member_name' in 'where clause'[D:\myBlog_web\houtai\OAofficeSystem\thinkphp\library\think\db\Connection.php:390]
---------------------------------------------------------------
[ 2019-01-02T15:15:48+08:00 ] 127.0.0.1 GET www.oa.com/login/dologin.html
[运行时间：0.051683s] [吞吐率：19.35req/s] [内存消耗：1,659.72kb] [文件加载：46]
[ info ] [ LANG ] D:\myBlog_web\houtai\OAofficeSystem\thinkphp\lang\zh-cn.php
[ info ] [ BIND ] 'oa'
[ info ] [ ROUTE ] array (
  'type' => 'module',
  'module' => 
  array (
    0 => 'oa',
    1 => 'login',
    2 => 'dologin',
  ),
)
[ info ] [ HEADER ] array (
  'host' => 'www.oa.com',
  'user-agent' => 'Mozilla/5.0 (Windows NT 10.0; WOW64) AppleWebKit/537.36 (KHTML, like Gecko) Chrome/70.0.3538.102 Safari/537.36',
  'accept' => 'text/html,application/xhtml+xml,application/xml;q=0.9,image/webp,image/apng,*/*;q=0.8',
  'accept-encoding' => 'gzip, deflate',
  'accept-language' => 'zh-CN,zh;q=0.9',
  'cookie' => 'PHPSESSID=b6fauo4crg4oqve33oskrtg7n0',
  'proxy-connection' => 'keep-alive',
  'upgrade-insecure-requests' => '1',
  'x-lantern-version' => '5.2.2',
)
[ info ] [ PARAM ] array (
  'login/dologin_html' => '',
)
[ info ] [ LOG ] INIT File
---------------------------------------------------------------
[ 2019-01-02T15:17:07+08:00 ] 127.0.0.1 GET www.oa.com/login/dologin.html
[运行时间：0.154068s] [吞吐率：6.49req/s] [内存消耗：1,403.18kb] [文件加载：40]
[ info ] [ LANG ] D:\myBlog_web\houtai\OAofficeSystem\thinkphp\lang\zh-cn.php
[ info ] [ BIND ] 'oa'
[ info ] [ ROUTE ] array (
  'type' => 'module',
  'module' => 
  array (
    0 => 'oa',
    1 => 'login',
    2 => 'dologin',
  ),
)
[ info ] [ HEADER ] array (
  'host' => 'www.oa.com',
  'user-agent' => 'Mozilla/5.0 (Windows NT 10.0; WOW64) AppleWebKit/537.36 (KHTML, like Gecko) Chrome/70.0.3538.102 Safari/537.36',
  'accept' => 'text/html,application/xhtml+xml,application/xml;q=0.9,image/webp,image/apng,*/*;q=0.8',
  'accept-encoding' => 'gzip, deflate',
  'accept-language' => 'zh-CN,zh;q=0.9',
  'cache-control' => 'max-age=0',
  'cookie' => 'PHPSESSID=b6fauo4crg4oqve33oskrtg7n0',
  'proxy-connection' => 'keep-alive',
  'upgrade-insecure-requests' => '1',
  'x-lantern-version' => '5.2.2',
)
[ info ] [ PARAM ] array (
  'login/dologin_html' => '',
)
[ info ] [ LOG ] INIT File
[ error ] [4]语法错误: unexpected 'public' (T_PUBLIC)[D:\myBlog_web\houtai\OAofficeSystem\application\oa\controller\Login.php:51]
---------------------------------------------------------------
[ 2019-01-02T15:17:09+08:00 ] 127.0.0.1 GET www.oa.com/login/dologin.html
[运行时间：0.043834s] [吞吐率：22.81req/s] [内存消耗：1,403.18kb] [文件加载：40]
[ info ] [ LANG ] D:\myBlog_web\houtai\OAofficeSystem\thinkphp\lang\zh-cn.php
[ info ] [ BIND ] 'oa'
[ info ] [ ROUTE ] array (
  'type' => 'module',
  'module' => 
  array (
    0 => 'oa',
    1 => 'login',
    2 => 'dologin',
  ),
)
[ info ] [ HEADER ] array (
  'host' => 'www.oa.com',
  'user-agent' => 'Mozilla/5.0 (Windows NT 10.0; WOW64) AppleWebKit/537.36 (KHTML, like Gecko) Chrome/70.0.3538.102 Safari/537.36',
  'accept' => 'text/html,application/xhtml+xml,application/xml;q=0.9,image/webp,image/apng,*/*;q=0.8',
  'accept-encoding' => 'gzip, deflate',
  'accept-language' => 'zh-CN,zh;q=0.9',
  'cache-control' => 'max-age=0',
  'cookie' => 'PHPSESSID=b6fauo4crg4oqve33oskrtg7n0',
  'proxy-connection' => 'keep-alive',
  'upgrade-insecure-requests' => '1',
  'x-lantern-version' => '5.2.2',
)
[ info ] [ PARAM ] array (
  'login/dologin_html' => '',
)
[ info ] [ LOG ] INIT File
[ error ] [4]语法错误: unexpected 'public' (T_PUBLIC)[D:\myBlog_web\houtai\OAofficeSystem\application\oa\controller\Login.php:51]
---------------------------------------------------------------
[ 2019-01-02T15:17:33+08:00 ] 127.0.0.1 GET www.oa.com/login/dologin.html
[运行时间：0.058434s] [吞吐率：17.11req/s] [内存消耗：2,765.55kb] [文件加载：56]
[ info ] [ LANG ] D:\myBlog_web\houtai\OAofficeSystem\thinkphp\lang\zh-cn.php
[ info ] [ BIND ] 'oa'
[ info ] [ ROUTE ] array (
  'type' => 'module',
  'module' => 
  array (
    0 => 'oa',
    1 => 'login',
    2 => 'dologin',
  ),
)
[ info ] [ HEADER ] array (
  'host' => 'www.oa.com',
  'user-agent' => 'Mozilla/5.0 (Windows NT 10.0; WOW64) AppleWebKit/537.36 (KHTML, like Gecko) Chrome/70.0.3538.102 Safari/537.36',
  'accept' => 'text/html,application/xhtml+xml,application/xml;q=0.9,image/webp,image/apng,*/*;q=0.8',
  'accept-encoding' => 'gzip, deflate',
  'accept-language' => 'zh-CN,zh;q=0.9',
  'cache-control' => 'max-age=0',
  'cookie' => 'PHPSESSID=b6fauo4crg4oqve33oskrtg7n0',
  'proxy-connection' => 'keep-alive',
  'upgrade-insecure-requests' => '1',
  'x-lantern-version' => '5.2.2',
)
[ info ] [ PARAM ] array (
  'login/dologin_html' => '',
)
[ info ] [ RUN ] app\oa\controller\Login->doLogin[ D:\myBlog_web\houtai\OAofficeSystem\application\oa\controller\Login.php ]
[ info ] [ DB ] INIT mysql
[ info ] [ LOG ] INIT File
[ error ] [8]未定义变量: data[D:\myBlog_web\houtai\OAofficeSystem\application\oa\controller\Login.php:32]
---------------------------------------------------------------
[ 2019-01-02T15:17:54+08:00 ] 127.0.0.1 GET www.oa.com/login/dologin.html
[运行时间：0.061497s] [吞吐率：16.26req/s] [内存消耗：2,766.19kb] [文件加载：56]
[ info ] [ LANG ] D:\myBlog_web\houtai\OAofficeSystem\thinkphp\lang\zh-cn.php
[ info ] [ BIND ] 'oa'
[ info ] [ ROUTE ] array (
  'type' => 'module',
  'module' => 
  array (
    0 => 'oa',
    1 => 'login',
    2 => 'dologin',
  ),
)
[ info ] [ HEADER ] array (
  'host' => 'www.oa.com',
  'user-agent' => 'Mozilla/5.0 (Windows NT 10.0; WOW64) AppleWebKit/537.36 (KHTML, like Gecko) Chrome/70.0.3538.102 Safari/537.36',
  'accept' => 'text/html,application/xhtml+xml,application/xml;q=0.9,image/webp,image/apng,*/*;q=0.8',
  'accept-encoding' => 'gzip, deflate',
  'accept-language' => 'zh-CN,zh;q=0.9',
  'cache-control' => 'max-age=0',
  'cookie' => 'PHPSESSID=b6fauo4crg4oqve33oskrtg7n0',
  'proxy-connection' => 'keep-alive',
  'upgrade-insecure-requests' => '1',
  'x-lantern-version' => '5.2.2',
)
[ info ] [ PARAM ] array (
  'login/dologin_html' => '',
)
[ info ] [ RUN ] app\oa\controller\Login->doLogin[ D:\myBlog_web\houtai\OAofficeSystem\application\oa\controller\Login.php ]
[ info ] [ DB ] INIT mysql
[ info ] [ LOG ] INIT File
[ error ] [8]未定义数组索引: user[D:\myBlog_web\houtai\OAofficeSystem\application\oa\controller\Login.php:32]
---------------------------------------------------------------
[ 2019-01-02T15:18:27+08:00 ] 127.0.0.1 GET www.oa.com/login
[运行时间：0.054087s] [吞吐率：18.49req/s] [内存消耗：1,688.48kb] [文件加载：45]
[ info ] [ LANG ] D:\myBlog_web\houtai\OAofficeSystem\thinkphp\lang\zh-cn.php
[ info ] [ BIND ] 'oa'
[ info ] [ ROUTE ] array (
  'type' => 'module',
  'module' => 
  array (
    0 => 'oa',
    1 => 'login',
    2 => NULL,
  ),
)
[ info ] [ HEADER ] array (
  'host' => 'www.oa.com',
  'user-agent' => 'Mozilla/5.0 (Windows NT 10.0; WOW64) AppleWebKit/537.36 (KHTML, like Gecko) Chrome/70.0.3538.102 Safari/537.36',
  'accept' => 'text/html,application/xhtml+xml,application/xml;q=0.9,image/webp,image/apng,*/*;q=0.8',
  'accept-encoding' => 'gzip, deflate',
  'accept-language' => 'zh-CN,zh;q=0.9',
  'cookie' => 'PHPSESSID=b6fauo4crg4oqve33oskrtg7n0',
  'proxy-connection' => 'keep-alive',
  'upgrade-insecure-requests' => '1',
  'x-lantern-version' => '5.2.2',
)
[ info ] [ PARAM ] array (
  'login' => '',
)
[ info ] [ RUN ] app\oa\controller\Login->index[ D:\myBlog_web\houtai\OAofficeSystem\application\oa\controller\Login.php ]
[ info ] [ VIEW ] D:\myBlog_web\houtai\OAofficeSystem\public/../application/oa\view\.\login.html [ array (
) ]
[ info ] [ LOG ] INIT File
---------------------------------------------------------------
[ 2019-01-02T15:18:27+08:00 ] 127.0.0.1 GET www.oa.com/login/showyzm.html
[运行时间：0.165663s] [吞吐率：6.04req/s] [内存消耗：1,683.33kb] [文件加载：44]
[ info ] [ LANG ] D:\myBlog_web\houtai\OAofficeSystem\thinkphp\lang\zh-cn.php
[ info ] [ BIND ] 'oa'
[ info ] [ ROUTE ] array (
  'type' => 'module',
  'module' => 
  array (
    0 => 'oa',
    1 => 'login',
    2 => 'showyzm',
  ),
)
[ info ] [ HEADER ] array (
  'host' => 'www.oa.com',
  'user-agent' => 'Mozilla/5.0 (Windows NT 10.0; WOW64) AppleWebKit/537.36 (KHTML, like Gecko) Chrome/70.0.3538.102 Safari/537.36',
  'accept' => 'image/webp,image/apng,image/*,*/*;q=0.8',
  'accept-encoding' => 'gzip, deflate',
  'accept-language' => 'zh-CN,zh;q=0.9',
  'cookie' => 'PHPSESSID=b6fauo4crg4oqve33oskrtg7n0',
  'proxy-connection' => 'keep-alive',
  'referer' => 'http://www.oa.com/login',
  'x-lantern-version' => '5.2.2',
)
[ info ] [ PARAM ] array (
  'login/showyzm_html' => '',
)
[ info ] [ RUN ] app\oa\controller\Login->showyzm[ D:\myBlog_web\houtai\OAofficeSystem\application\oa\controller\Login.php ]
[ info ] [ SESSION ] INIT array (
  'id' => '',
  'var_session_id' => '',
  'prefix' => 'think',
  'type' => '',
  'auto_start' => true,
)
[ info ] [ LOG ] INIT File
---------------------------------------------------------------
[ 2019-01-02T15:18:35+08:00 ] 127.0.0.1 GET www.oa.com/login/showyzm/0.6095417300484562
[运行时间：0.039588s] [吞吐率：25.26req/s] [内存消耗：1,683.45kb] [文件加载：44]
[ info ] [ LANG ] D:\myBlog_web\houtai\OAofficeSystem\thinkphp\lang\zh-cn.php
[ info ] [ BIND ] 'oa'
[ info ] [ ROUTE ] array (
  'type' => 'module',
  'module' => 
  array (
    0 => 'oa',
    1 => 'login',
    2 => 'showyzm',
  ),
)
[ info ] [ HEADER ] array (
  'host' => 'www.oa.com',
  'user-agent' => 'Mozilla/5.0 (Windows NT 10.0; WOW64) AppleWebKit/537.36 (KHTML, like Gecko) Chrome/70.0.3538.102 Safari/537.36',
  'accept' => 'image/webp,image/apng,image/*,*/*;q=0.8',
  'accept-encoding' => 'gzip, deflate',
  'accept-language' => 'zh-CN,zh;q=0.9',
  'cookie' => 'PHPSESSID=b6fauo4crg4oqve33oskrtg7n0',
  'proxy-connection' => 'keep-alive',
  'referer' => 'http://www.oa.com/login',
  'x-lantern-version' => '5.2.2',
)
[ info ] [ PARAM ] array (
  'login/showyzm/0_6095417300484562' => '',
)
[ info ] [ RUN ] app\oa\controller\Login->showyzm[ D:\myBlog_web\houtai\OAofficeSystem\application\oa\controller\Login.php ]
[ info ] [ SESSION ] INIT array (
  'id' => '',
  'var_session_id' => '',
  'prefix' => 'think',
  'type' => '',
  'auto_start' => true,
)
[ info ] [ LOG ] INIT File
---------------------------------------------------------------
[ 2019-01-02T15:18:42+08:00 ] 127.0.0.1 POST www.oa.com/login/dologin.html
[运行时间：0.136296s] [吞吐率：7.34req/s] [内存消耗：2,851.01kb] [文件加载：56]
[ info ] [ LANG ] D:\myBlog_web\houtai\OAofficeSystem\thinkphp\lang\zh-cn.php
[ info ] [ BIND ] 'oa'
[ info ] [ ROUTE ] array (
  'type' => 'module',
  'module' => 
  array (
    0 => 'oa',
    1 => 'login',
    2 => 'dologin',
  ),
)
[ info ] [ HEADER ] array (
  'host' => 'www.oa.com',
  'user-agent' => 'Mozilla/5.0 (Windows NT 10.0; WOW64) AppleWebKit/537.36 (KHTML, like Gecko) Chrome/70.0.3538.102 Safari/537.36',
  'content-length' => '37',
  'accept' => 'text/html,application/xhtml+xml,application/xml;q=0.9,image/webp,image/apng,*/*;q=0.8',
  'accept-encoding' => 'gzip, deflate',
  'accept-language' => 'zh-CN,zh;q=0.9',
  'cache-control' => 'max-age=0',
  'content-type' => 'application/x-www-form-urlencoded',
  'cookie' => 'PHPSESSID=b6fauo4crg4oqve33oskrtg7n0',
  'origin' => 'http://www.oa.com',
  'proxy-connection' => 'keep-alive',
  'referer' => 'http://www.oa.com/login',
  'upgrade-insecure-requests' => '1',
  'x-lantern-version' => '5.2.2',
)
[ info ] [ PARAM ] array (
  'login/dologin_html' => '',
  'user' => 'admin',
  'password' => 'admin123',
  'yzm' => 'sybd',
)
[ info ] [ RUN ] app\oa\controller\Login->doLogin[ D:\myBlog_web\houtai\OAofficeSystem\application\oa\controller\Login.php ]
[ info ] [ DB ] INIT mysql
[ info ] [ SESSION ] INIT array (
  'id' => '',
  'var_session_id' => '',
  'prefix' => 'think',
  'type' => '',
  'auto_start' => true,
)
[ info ] [ VIEW ] D:\myBlog_web\houtai\OAofficeSystem\thinkphp\tpl\dispatch_jump.tpl [ array (
  0 => 'code',
  1 => 'msg',
  2 => 'data',
  3 => 'url',
  4 => 'wait',
) ]
[ info ] [ LOG ] INIT File
[ sql ] [ DB ] CONNECT:[ UseTime:0.034745s ] mysql:host=127.0.0.1;dbname=tp;charset=utf8
[ sql ] [ SQL ] SHOW COLUMNS FROM `oa_member` [ RunTime:0.017983s ]
[ sql ] [ SQL ] SELECT * FROM `oa_member` WHERE  `member_name` = 'admin' LIMIT 1 [ RunTime:0.003952s ]
---------------------------------------------------------------
[ 2019-01-02T15:18:44+08:00 ] 127.0.0.1 GET www.oa.com/index/index.html
[运行时间：0.087451s] [吞吐率：11.43req/s] [内存消耗：2,829.40kb] [文件加载：59]
[ info ] [ LANG ] D:\myBlog_web\houtai\OAofficeSystem\thinkphp\lang\zh-cn.php
[ info ] [ BIND ] 'oa'
[ info ] [ ROUTE ] array (
  'type' => 'module',
  'module' => 
  array (
    0 => 'oa',
    1 => 'index',
    2 => 'index',
  ),
)
[ info ] [ HEADER ] array (
  'host' => 'www.oa.com',
  'user-agent' => 'Mozilla/5.0 (Windows NT 10.0; WOW64) AppleWebKit/537.36 (KHTML, like Gecko) Chrome/70.0.3538.102 Safari/537.36',
  'accept' => 'text/html,application/xhtml+xml,application/xml;q=0.9,image/webp,image/apng,*/*;q=0.8',
  'accept-encoding' => 'gzip, deflate',
  'accept-language' => 'zh-CN,zh;q=0.9',
  'cookie' => 'PHPSESSID=b6fauo4crg4oqve33oskrtg7n0',
  'proxy-connection' => 'keep-alive',
  'referer' => 'http://www.oa.com/login/dologin.html',
  'upgrade-insecure-requests' => '1',
  'x-lantern-version' => '5.2.2',
)
[ info ] [ PARAM ] array (
  'index/index_html' => '',
)
[ info ] [ SESSION ] INIT array (
  'id' => '',
  'var_session_id' => '',
  'prefix' => 'think',
  'type' => '',
  'auto_start' => true,
)
[ info ] [ DB ] INIT mysql
[ info ] [ LOG ] INIT File
[ sql ] [ DB ] CONNECT:[ UseTime:0.003703s ] mysql:host=127.0.0.1;dbname=tp;charset=utf8
[ error ] [10501]SQLSTATE[42S02]: Base table or view not found: 1146 Table 'tp.oa_groups' doesn't exist[D:\myBlog_web\houtai\OAofficeSystem\thinkphp\library\think\db\Connection.php:390]
---------------------------------------------------------------
[ 2019-01-02T15:20:34+08:00 ] 127.0.0.1 GET www.oa.com/index/index.html
[运行时间：0.090839s] [吞吐率：11.01req/s] [内存消耗：2,825.77kb] [文件加载：59]
[ info ] [ LANG ] D:\myBlog_web\houtai\OAofficeSystem\thinkphp\lang\zh-cn.php
[ info ] [ BIND ] 'oa'
[ info ] [ ROUTE ] array (
  'type' => 'module',
  'module' => 
  array (
    0 => 'oa',
    1 => 'index',
    2 => 'index',
  ),
)
[ info ] [ HEADER ] array (
  'host' => 'www.oa.com',
  'user-agent' => 'Mozilla/5.0 (Windows NT 10.0; WOW64) AppleWebKit/537.36 (KHTML, like Gecko) Chrome/70.0.3538.102 Safari/537.36',
  'accept' => 'text/html,application/xhtml+xml,application/xml;q=0.9,image/webp,image/apng,*/*;q=0.8',
  'accept-encoding' => 'gzip, deflate',
  'accept-language' => 'zh-CN,zh;q=0.9',
  'cache-control' => 'max-age=0',
  'cookie' => 'PHPSESSID=b6fauo4crg4oqve33oskrtg7n0',
  'proxy-connection' => 'keep-alive',
  'upgrade-insecure-requests' => '1',
  'x-lantern-version' => '5.2.2',
)
[ info ] [ PARAM ] array (
  'index/index_html' => '',
)
[ info ] [ SESSION ] INIT array (
  'id' => '',
  'var_session_id' => '',
  'prefix' => 'think',
  'type' => '',
  'auto_start' => true,
)
[ info ] [ DB ] INIT mysql
[ info ] [ LOG ] INIT File
[ sql ] [ DB ] CONNECT:[ UseTime:0.012826s ] mysql:host=127.0.0.1;dbname=tp;charset=utf8
[ sql ] [ SQL ] SHOW COLUMNS FROM `oa_groups` [ RunTime:0.013714s ]
[ error ] [10501]SQLSTATE[42S22]: Column not found: 1054 Unknown column 'permission' in 'field list'[D:\myBlog_web\houtai\OAofficeSystem\thinkphp\library\think\db\Connection.php:390]
---------------------------------------------------------------
[ 2019-01-02T15:22:43+08:00 ] 127.0.0.1 GET www.oa.com/index/index.html
[运行时间：0.095404s] [吞吐率：10.48req/s] [内存消耗：2,871.07kb] [文件加载：60]
[ info ] [ LANG ] D:\myBlog_web\houtai\OAofficeSystem\thinkphp\lang\zh-cn.php
[ info ] [ BIND ] 'oa'
[ info ] [ ROUTE ] array (
  'type' => 'module',
  'module' => 
  array (
    0 => 'oa',
    1 => 'index',
    2 => 'index',
  ),
)
[ info ] [ HEADER ] array (
  'host' => 'www.oa.com',
  'user-agent' => 'Mozilla/5.0 (Windows NT 10.0; WOW64) AppleWebKit/537.36 (KHTML, like Gecko) Chrome/70.0.3538.102 Safari/537.36',
  'accept' => 'text/html,application/xhtml+xml,application/xml;q=0.9,image/webp,image/apng,*/*;q=0.8',
  'accept-encoding' => 'gzip, deflate',
  'accept-language' => 'zh-CN,zh;q=0.9',
  'cache-control' => 'max-age=0',
  'cookie' => 'PHPSESSID=b6fauo4crg4oqve33oskrtg7n0',
  'proxy-connection' => 'keep-alive',
  'upgrade-insecure-requests' => '1',
  'x-lantern-version' => '5.2.2',
)
[ info ] [ PARAM ] array (
  'index/index_html' => '',
)
[ info ] [ SESSION ] INIT array (
  'id' => '',
  'var_session_id' => '',
  'prefix' => 'think',
  'type' => '',
  'auto_start' => true,
)
[ info ] [ DB ] INIT mysql
[ info ] [ LOG ] INIT File
[ sql ] [ DB ] CONNECT:[ UseTime:0.002096s ] mysql:host=127.0.0.1;dbname=tp;charset=utf8
[ sql ] [ SQL ] SHOW COLUMNS FROM `oa_groups` [ RunTime:0.015893s ]
[ sql ] [ SQL ] SELECT `permission` FROM `oa_groups` WHERE  `id` IS NULL LIMIT 1 [ RunTime:0.001888s ]
[ error ] [10501]SQLSTATE[42S02]: Base table or view not found: 1146 Table 'tp.oa_rule' doesn't exist[D:\myBlog_web\houtai\OAofficeSystem\thinkphp\library\think\db\Connection.php:390]
---------------------------------------------------------------
[ 2019-01-02T15:22:59+08:00 ] 127.0.0.1 GET www.oa.com/index/index.html
[运行时间：0.115182s] [吞吐率：8.68req/s] [内存消耗：2,865.23kb] [文件加载：60]
[ info ] [ LANG ] D:\myBlog_web\houtai\OAofficeSystem\thinkphp\lang\zh-cn.php
[ info ] [ BIND ] 'oa'
[ info ] [ ROUTE ] array (
  'type' => 'module',
  'module' => 
  array (
    0 => 'oa',
    1 => 'index',
    2 => 'index',
  ),
)
[ info ] [ HEADER ] array (
  'host' => 'www.oa.com',
  'user-agent' => 'Mozilla/5.0 (Windows NT 10.0; WOW64) AppleWebKit/537.36 (KHTML, like Gecko) Chrome/70.0.3538.102 Safari/537.36',
  'accept' => 'text/html,application/xhtml+xml,application/xml;q=0.9,image/webp,image/apng,*/*;q=0.8',
  'accept-encoding' => 'gzip, deflate',
  'accept-language' => 'zh-CN,zh;q=0.9',
  'cache-control' => 'max-age=0',
  'cookie' => 'PHPSESSID=b6fauo4crg4oqve33oskrtg7n0',
  'proxy-connection' => 'keep-alive',
  'upgrade-insecure-requests' => '1',
  'x-lantern-version' => '5.2.2',
)
[ info ] [ PARAM ] array (
  'index/index_html' => '',
)
[ info ] [ SESSION ] INIT array (
  'id' => '',
  'var_session_id' => '',
  'prefix' => 'think',
  'type' => '',
  'auto_start' => true,
)
[ info ] [ DB ] INIT mysql
[ info ] [ LOG ] INIT File
[ sql ] [ DB ] CONNECT:[ UseTime:0.012510s ] mysql:host=127.0.0.1;dbname=tp;charset=utf8
[ sql ] [ SQL ] SHOW COLUMNS FROM `oa_groups` [ RunTime:0.016900s ]
[ sql ] [ SQL ] SELECT `permission` FROM `oa_groups` WHERE  `id` IS NULL LIMIT 1 [ RunTime:0.003291s ]
[ sql ] [ SQL ] SHOW COLUMNS FROM `oa_rule` [ RunTime:0.013181s ]
[ error ] [10501]SQLSTATE[42S22]: Column not found: 1054 Unknown column 'is_show' in 'where clause'[D:\myBlog_web\houtai\OAofficeSystem\thinkphp\library\think\db\Connection.php:390]
---------------------------------------------------------------
[ 2019-01-02T15:23:14+08:00 ] 127.0.0.1 GET www.oa.com/index/index.html
[运行时间：0.102235s] [吞吐率：9.78req/s] [内存消耗：2,866.02kb] [文件加载：60]
[ info ] [ LANG ] D:\myBlog_web\houtai\OAofficeSystem\thinkphp\lang\zh-cn.php
[ info ] [ BIND ] 'oa'
[ info ] [ ROUTE ] array (
  'type' => 'module',
  'module' => 
  array (
    0 => 'oa',
    1 => 'index',
    2 => 'index',
  ),
)
[ info ] [ HEADER ] array (
  'host' => 'www.oa.com',
  'user-agent' => 'Mozilla/5.0 (Windows NT 10.0; WOW64) AppleWebKit/537.36 (KHTML, like Gecko) Chrome/70.0.3538.102 Safari/537.36',
  'accept' => 'text/html,application/xhtml+xml,application/xml;q=0.9,image/webp,image/apng,*/*;q=0.8',
  'accept-encoding' => 'gzip, deflate',
  'accept-language' => 'zh-CN,zh;q=0.9',
  'cache-control' => 'max-age=0',
  'cookie' => 'PHPSESSID=b6fauo4crg4oqve33oskrtg7n0',
  'proxy-connection' => 'keep-alive',
  'upgrade-insecure-requests' => '1',
  'x-lantern-version' => '5.2.2',
)
[ info ] [ PARAM ] array (
  'index/index_html' => '',
)
[ info ] [ SESSION ] INIT array (
  'id' => '',
  'var_session_id' => '',
  'prefix' => 'think',
  'type' => '',
  'auto_start' => true,
)
[ info ] [ DB ] INIT mysql
[ info ] [ LOG ] INIT File
[ sql ] [ DB ] CONNECT:[ UseTime:0.002359s ] mysql:host=127.0.0.1;dbname=tp;charset=utf8
[ sql ] [ SQL ] SHOW COLUMNS FROM `oa_groups` [ RunTime:0.015521s ]
[ sql ] [ SQL ] SELECT `permission` FROM `oa_groups` WHERE  `id` IS NULL LIMIT 1 [ RunTime:0.001826s ]
[ sql ] [ SQL ] SHOW COLUMNS FROM `oa_rule` [ RunTime:0.015513s ]
[ error ] [10501]SQLSTATE[42S22]: Column not found: 1054 Unknown column 'status' in 'where clause'[D:\myBlog_web\houtai\OAofficeSystem\thinkphp\library\think\db\Connection.php:390]
---------------------------------------------------------------
[ 2019-01-02T15:23:50+08:00 ] 127.0.0.1 GET www.oa.com/index/index.html
[运行时间：0.229146s] [吞吐率：4.36req/s] [内存消耗：3,037.98kb] [文件加载：59]
[ info ] [ LANG ] D:\myBlog_web\houtai\OAofficeSystem\thinkphp\lang\zh-cn.php
[ info ] [ BIND ] 'oa'
[ info ] [ ROUTE ] array (
  'type' => 'module',
  'module' => 
  array (
    0 => 'oa',
    1 => 'index',
    2 => 'index',
  ),
)
[ info ] [ HEADER ] array (
  'host' => 'www.oa.com',
  'user-agent' => 'Mozilla/5.0 (Windows NT 10.0; WOW64) AppleWebKit/537.36 (KHTML, like Gecko) Chrome/70.0.3538.102 Safari/537.36',
  'accept' => 'text/html,application/xhtml+xml,application/xml;q=0.9,image/webp,image/apng,*/*;q=0.8',
  'accept-encoding' => 'gzip, deflate',
  'accept-language' => 'zh-CN,zh;q=0.9',
  'cache-control' => 'max-age=0',
  'cookie' => 'PHPSESSID=b6fauo4crg4oqve33oskrtg7n0',
  'proxy-connection' => 'keep-alive',
  'upgrade-insecure-requests' => '1',
  'x-lantern-version' => '5.2.2',
)
[ info ] [ PARAM ] array (
  'index/index_html' => '',
)
[ info ] [ SESSION ] INIT array (
  'id' => '',
  'var_session_id' => '',
  'prefix' => 'think',
  'type' => '',
  'auto_start' => true,
)
[ info ] [ DB ] INIT mysql
[ info ] [ RUN ] app\oa\controller\Index->index[ D:\myBlog_web\houtai\OAofficeSystem\application\oa\controller\Index.php ]
[ info ] [ VIEW ] D:\myBlog_web\houtai\OAofficeSystem\public/../application/oa\view\.\index.html [ array (
  0 => 'tree',
) ]
[ info ] [ LOG ] INIT File
[ sql ] [ DB ] CONNECT:[ UseTime:0.002249s ] mysql:host=127.0.0.1;dbname=tp;charset=utf8
[ sql ] [ SQL ] SHOW COLUMNS FROM `oa_groups` [ RunTime:0.014866s ]
[ sql ] [ SQL ] SELECT `permission` FROM `oa_groups` WHERE  `id` IS NULL LIMIT 1 [ RunTime:0.001932s ]
[ sql ] [ SQL ] SHOW COLUMNS FROM `oa_rule` [ RunTime:0.015565s ]
[ sql ] [ SQL ] SELECT * FROM `oa_rule` WHERE  `is_show` = '1'  AND `status` = '1' [ RunTime:0.001959s ]
---------------------------------------------------------------
[ 2019-01-02T15:23:51+08:00 ] 127.0.0.1 GET www.oa.com/index/__IMAGES__/user.png
[运行时间：0.454598s] [吞吐率：2.20req/s] [内存消耗：2,861.63kb] [文件加载：58]
[ info ] [ LANG ] D:\myBlog_web\houtai\OAofficeSystem\thinkphp\lang\zh-cn.php
[ info ] [ BIND ] 'oa'
[ info ] [ ROUTE ] array (
  'type' => 'module',
  'module' => 
  array (
    0 => 'oa',
    1 => 'index',
    2 => '__IMAGES__',
  ),
)
[ info ] [ HEADER ] array (
  'host' => 'www.oa.com',
  'user-agent' => 'Mozilla/5.0 (Windows NT 10.0; WOW64) AppleWebKit/537.36 (KHTML, like Gecko) Chrome/70.0.3538.102 Safari/537.36',
  'accept' => 'image/webp,image/apng,image/*,*/*;q=0.8',
  'accept-encoding' => 'gzip, deflate',
  'accept-language' => 'zh-CN,zh;q=0.9',
  'cookie' => 'PHPSESSID=b6fauo4crg4oqve33oskrtg7n0',
  'proxy-connection' => 'keep-alive',
  'referer' => 'http://www.oa.com/index/index.html',
  'x-lantern-version' => '5.2.2',
)
[ info ] [ PARAM ] array (
  'index/__IMAGES__/user_png' => '',
)
[ info ] [ SESSION ] INIT array (
  'id' => '',
  'var_session_id' => '',
  'prefix' => 'think',
  'type' => '',
  'auto_start' => true,
)
[ info ] [ DB ] INIT mysql
[ info ] [ LOG ] INIT File
[ sql ] [ DB ] CONNECT:[ UseTime:0.108331s ] mysql:host=127.0.0.1;dbname=tp;charset=utf8
[ sql ] [ SQL ] SHOW COLUMNS FROM `oa_groups` [ RunTime:0.102284s ]
[ sql ] [ SQL ] SELECT `permission` FROM `oa_groups` WHERE  `id` IS NULL LIMIT 1 [ RunTime:0.044477s ]
[ sql ] [ SQL ] SHOW COLUMNS FROM `oa_rule` [ RunTime:0.063752s ]
[ sql ] [ SQL ] SELECT * FROM `oa_rule` WHERE  `is_show` = '1'  AND `status` = '1' [ RunTime:0.022484s ]
---------------------------------------------------------------
[ 2019-01-02T15:23:56+08:00 ] 127.0.0.1 GET www.oa.com/index/profile.html
[运行时间：0.120688s] [吞吐率：8.29req/s] [内存消耗：2,861.95kb] [文件加载：58]
[ info ] [ LANG ] D:\myBlog_web\houtai\OAofficeSystem\thinkphp\lang\zh-cn.php
[ info ] [ BIND ] 'oa'
[ info ] [ ROUTE ] array (
  'type' => 'module',
  'module' => 
  array (
    0 => 'oa',
    1 => 'index',
    2 => 'profile',
  ),
)
[ info ] [ HEADER ] array (
  'host' => 'www.oa.com',
  'user-agent' => 'Mozilla/5.0 (Windows NT 10.0; WOW64) AppleWebKit/537.36 (KHTML, like Gecko) Chrome/70.0.3538.102 Safari/537.36',
  'accept' => 'text/html,application/xhtml+xml,application/xml;q=0.9,image/webp,image/apng,*/*;q=0.8',
  'accept-encoding' => 'gzip, deflate',
  'accept-language' => 'zh-CN,zh;q=0.9',
  'cookie' => 'PHPSESSID=b6fauo4crg4oqve33oskrtg7n0',
  'proxy-connection' => 'keep-alive',
  'referer' => 'http://www.oa.com/index/index.html',
  'upgrade-insecure-requests' => '1',
  'x-lantern-version' => '5.2.2',
)
[ info ] [ PARAM ] array (
  'index/profile_html' => '',
)
[ info ] [ SESSION ] INIT array (
  'id' => '',
  'var_session_id' => '',
  'prefix' => 'think',
  'type' => '',
  'auto_start' => true,
)
[ info ] [ DB ] INIT mysql
[ info ] [ LOG ] INIT File
[ sql ] [ DB ] CONNECT:[ UseTime:0.012168s ] mysql:host=127.0.0.1;dbname=tp;charset=utf8
[ sql ] [ SQL ] SHOW COLUMNS FROM `oa_groups` [ RunTime:0.012382s ]
[ sql ] [ SQL ] SELECT `permission` FROM `oa_groups` WHERE  `id` IS NULL LIMIT 1 [ RunTime:0.001734s ]
[ sql ] [ SQL ] SHOW COLUMNS FROM `oa_rule` [ RunTime:0.013072s ]
[ sql ] [ SQL ] SELECT * FROM `oa_rule` WHERE  `is_show` = '1'  AND `status` = '1' [ RunTime:0.001598s ]
---------------------------------------------------------------
[ 2019-01-02T15:23:58+08:00 ] 127.0.0.1 GET www.oa.com/index/index.html
[运行时间：0.104832s] [吞吐率：9.54req/s] [内存消耗：2,888.60kb] [文件加载：57]
[ info ] [ LANG ] D:\myBlog_web\houtai\OAofficeSystem\thinkphp\lang\zh-cn.php
[ info ] [ BIND ] 'oa'
[ info ] [ ROUTE ] array (
  'type' => 'module',
  'module' => 
  array (
    0 => 'oa',
    1 => 'index',
    2 => 'index',
  ),
)
[ info ] [ HEADER ] array (
  'host' => 'www.oa.com',
  'user-agent' => 'Mozilla/5.0 (Windows NT 10.0; WOW64) AppleWebKit/537.36 (KHTML, like Gecko) Chrome/70.0.3538.102 Safari/537.36',
  'accept' => 'text/html,application/xhtml+xml,application/xml;q=0.9,image/webp,image/apng,*/*;q=0.8',
  'accept-encoding' => 'gzip, deflate',
  'accept-language' => 'zh-CN,zh;q=0.9',
  'cookie' => 'PHPSESSID=b6fauo4crg4oqve33oskrtg7n0',
  'proxy-connection' => 'keep-alive',
  'upgrade-insecure-requests' => '1',
  'x-lantern-version' => '5.2.2',
)
[ info ] [ PARAM ] array (
  'index/index_html' => '',
)
[ info ] [ SESSION ] INIT array (
  'id' => '',
  'var_session_id' => '',
  'prefix' => 'think',
  'type' => '',
  'auto_start' => true,
)
[ info ] [ DB ] INIT mysql
[ info ] [ RUN ] app\oa\controller\Index->index[ D:\myBlog_web\houtai\OAofficeSystem\application\oa\controller\Index.php ]
[ info ] [ VIEW ] D:\myBlog_web\houtai\OAofficeSystem\public/../application/oa\view\.\index.html [ array (
  0 => 'tree',
) ]
[ info ] [ LOG ] INIT File
[ sql ] [ DB ] CONNECT:[ UseTime:0.012070s ] mysql:host=127.0.0.1;dbname=tp;charset=utf8
[ sql ] [ SQL ] SHOW COLUMNS FROM `oa_groups` [ RunTime:0.014483s ]
[ sql ] [ SQL ] SELECT `permission` FROM `oa_groups` WHERE  `id` IS NULL LIMIT 1 [ RunTime:0.001772s ]
[ sql ] [ SQL ] SHOW COLUMNS FROM `oa_rule` [ RunTime:0.014681s ]
[ sql ] [ SQL ] SELECT * FROM `oa_rule` WHERE  `is_show` = '1'  AND `status` = '1' [ RunTime:0.001895s ]
---------------------------------------------------------------
[ 2019-01-02T15:23:58+08:00 ] 127.0.0.1 GET www.oa.com/index/__IMAGES__/user.png
[运行时间：0.164871s] [吞吐率：6.07req/s] [内存消耗：2,861.62kb] [文件加载：58]
[ info ] [ LANG ] D:\myBlog_web\houtai\OAofficeSystem\thinkphp\lang\zh-cn.php
[ info ] [ BIND ] 'oa'
[ info ] [ ROUTE ] array (
  'type' => 'module',
  'module' => 
  array (
    0 => 'oa',
    1 => 'index',
    2 => '__IMAGES__',
  ),
)
[ info ] [ HEADER ] array (
  'host' => 'www.oa.com',
  'user-agent' => 'Mozilla/5.0 (Windows NT 10.0; WOW64) AppleWebKit/537.36 (KHTML, like Gecko) Chrome/70.0.3538.102 Safari/537.36',
  'accept' => 'image/webp,image/apng,image/*,*/*;q=0.8',
  'accept-encoding' => 'gzip, deflate',
  'accept-language' => 'zh-CN,zh;q=0.9',
  'cookie' => 'PHPSESSID=b6fauo4crg4oqve33oskrtg7n0',
  'proxy-connection' => 'keep-alive',
  'referer' => 'http://www.oa.com/index/index.html',
  'x-lantern-version' => '5.2.2',
)
[ info ] [ PARAM ] array (
  'index/__IMAGES__/user_png' => '',
)
[ info ] [ SESSION ] INIT array (
  'id' => '',
  'var_session_id' => '',
  'prefix' => 'think',
  'type' => '',
  'auto_start' => true,
)
[ info ] [ DB ] INIT mysql
[ info ] [ LOG ] INIT File
[ sql ] [ DB ] CONNECT:[ UseTime:0.004885s ] mysql:host=127.0.0.1;dbname=tp;charset=utf8
[ sql ] [ SQL ] SHOW COLUMNS FROM `oa_groups` [ RunTime:0.019844s ]
[ sql ] [ SQL ] SELECT `permission` FROM `oa_groups` WHERE  `id` IS NULL LIMIT 1 [ RunTime:0.001574s ]
[ sql ] [ SQL ] SHOW COLUMNS FROM `oa_rule` [ RunTime:0.033439s ]
[ sql ] [ SQL ] SELECT * FROM `oa_rule` WHERE  `is_show` = '1'  AND `status` = '1' [ RunTime:0.001059s ]
---------------------------------------------------------------
[ 2019-01-02T15:24:00+08:00 ] 127.0.0.1 GET www.oa.com/
[运行时间：0.100212s] [吞吐率：9.98req/s] [内存消耗：2,885.54kb] [文件加载：57]
[ info ] [ LANG ] D:\myBlog_web\houtai\OAofficeSystem\thinkphp\lang\zh-cn.php
[ info ] [ BIND ] 'oa'
[ info ] [ ROUTE ] array (
  'type' => 'module',
  'module' => 
  array (
    0 => 'oa',
    1 => NULL,
    2 => NULL,
  ),
)
[ info ] [ HEADER ] array (
  'host' => 'www.oa.com',
  'user-agent' => 'Mozilla/5.0 (Windows NT 10.0; WOW64) AppleWebKit/537.36 (KHTML, like Gecko) Chrome/70.0.3538.102 Safari/537.36',
  'accept' => 'text/html,application/xhtml+xml,application/xml;q=0.9,image/webp,image/apng,*/*;q=0.8',
  'accept-encoding' => 'gzip, deflate',
  'accept-language' => 'zh-CN,zh;q=0.9',
  'cookie' => 'PHPSESSID=b6fauo4crg4oqve33oskrtg7n0',
  'proxy-connection' => 'keep-alive',
  'referer' => 'http://www.oa.com/index/index.html',
  'upgrade-insecure-requests' => '1',
  'x-lantern-version' => '5.2.2',
)
[ info ] [ PARAM ] array (
)
[ info ] [ SESSION ] INIT array (
  'id' => '',
  'var_session_id' => '',
  'prefix' => 'think',
  'type' => '',
  'auto_start' => true,
)
[ info ] [ DB ] INIT mysql
[ info ] [ RUN ] app\oa\controller\Index->index[ D:\myBlog_web\houtai\OAofficeSystem\application\oa\controller\Index.php ]
[ info ] [ VIEW ] D:\myBlog_web\houtai\OAofficeSystem\public/../application/oa\view\.\index.html [ array (
  0 => 'tree',
) ]
[ info ] [ LOG ] INIT File
[ sql ] [ DB ] CONNECT:[ UseTime:0.010830s ] mysql:host=127.0.0.1;dbname=tp;charset=utf8
[ sql ] [ SQL ] SHOW COLUMNS FROM `oa_groups` [ RunTime:0.014017s ]
[ sql ] [ SQL ] SELECT `permission` FROM `oa_groups` WHERE  `id` IS NULL LIMIT 1 [ RunTime:0.001537s ]
[ sql ] [ SQL ] SHOW COLUMNS FROM `oa_rule` [ RunTime:0.014259s ]
[ sql ] [ SQL ] SELECT * FROM `oa_rule` WHERE  `is_show` = '1'  AND `status` = '1' [ RunTime:0.001429s ]
---------------------------------------------------------------
[ 2019-01-02T15:24:00+08:00 ] 127.0.0.1 GET www.oa.com/__IMAGES__/user.png
[运行时间：0.158144s] [吞吐率：6.32req/s] [内存消耗：1,382.64kb] [文件加载：40]
[ info ] [ LANG ] D:\myBlog_web\houtai\OAofficeSystem\thinkphp\lang\zh-cn.php
[ info ] [ BIND ] 'oa'
[ info ] [ ROUTE ] array (
  'type' => 'module',
  'module' => 
  array (
    0 => 'oa',
    1 => '__IMAGES__',
    2 => 'user.png',
  ),
)
[ info ] [ HEADER ] array (
  'host' => 'www.oa.com',
  'user-agent' => 'Mozilla/5.0 (Windows NT 10.0; WOW64) AppleWebKit/537.36 (KHTML, like Gecko) Chrome/70.0.3538.102 Safari/537.36',
  'accept' => 'image/webp,image/apng,image/*,*/*;q=0.8',
  'accept-encoding' => 'gzip, deflate',
  'accept-language' => 'zh-CN,zh;q=0.9',
  'cookie' => 'PHPSESSID=b6fauo4crg4oqve33oskrtg7n0',
  'proxy-connection' => 'keep-alive',
  'referer' => 'http://www.oa.com/',
  'x-lantern-version' => '5.2.2',
)
[ info ] [ PARAM ] array (
  '__IMAGES__/user_png' => '',
)
[ info ] [ LOG ] INIT File
---------------------------------------------------------------
[ 2019-01-02T15:24:01+08:00 ] 127.0.0.1 GET www.oa.com/
[运行时间：0.107330s] [吞吐率：9.32req/s] [内存消耗：2,885.57kb] [文件加载：57]
[ info ] [ LANG ] D:\myBlog_web\houtai\OAofficeSystem\thinkphp\lang\zh-cn.php
[ info ] [ BIND ] 'oa'
[ info ] [ ROUTE ] array (
  'type' => 'module',
  'module' => 
  array (
    0 => 'oa',
    1 => NULL,
    2 => NULL,
  ),
)
[ info ] [ HEADER ] array (
  'host' => 'www.oa.com',
  'user-agent' => 'Mozilla/5.0 (Windows NT 10.0; WOW64) AppleWebKit/537.36 (KHTML, like Gecko) Chrome/70.0.3538.102 Safari/537.36',
  'accept' => 'text/html,application/xhtml+xml,application/xml;q=0.9,image/webp,image/apng,*/*;q=0.8',
  'accept-encoding' => 'gzip, deflate',
  'accept-language' => 'zh-CN,zh;q=0.9',
  'cookie' => 'PHPSESSID=b6fauo4crg4oqve33oskrtg7n0',
  'proxy-connection' => 'keep-alive',
  'referer' => 'http://www.oa.com/',
  'upgrade-insecure-requests' => '1',
  'x-lantern-version' => '5.2.2',
)
[ info ] [ PARAM ] array (
)
[ info ] [ SESSION ] INIT array (
  'id' => '',
  'var_session_id' => '',
  'prefix' => 'think',
  'type' => '',
  'auto_start' => true,
)
[ info ] [ DB ] INIT mysql
[ info ] [ RUN ] app\oa\controller\Index->index[ D:\myBlog_web\houtai\OAofficeSystem\application\oa\controller\Index.php ]
[ info ] [ VIEW ] D:\myBlog_web\houtai\OAofficeSystem\public/../application/oa\view\.\index.html [ array (
  0 => 'tree',
) ]
[ info ] [ LOG ] INIT File
[ sql ] [ DB ] CONNECT:[ UseTime:0.012684s ] mysql:host=127.0.0.1;dbname=tp;charset=utf8
[ sql ] [ SQL ] SHOW COLUMNS FROM `oa_groups` [ RunTime:0.014182s ]
[ sql ] [ SQL ] SELECT `permission` FROM `oa_groups` WHERE  `id` IS NULL LIMIT 1 [ RunTime:0.002681s ]
[ sql ] [ SQL ] SHOW COLUMNS FROM `oa_rule` [ RunTime:0.014953s ]
[ sql ] [ SQL ] SELECT * FROM `oa_rule` WHERE  `is_show` = '1'  AND `status` = '1' [ RunTime:0.002596s ]
---------------------------------------------------------------
[ 2019-01-02T15:24:01+08:00 ] 127.0.0.1 GET www.oa.com/__IMAGES__/user.png
[运行时间：0.076765s] [吞吐率：13.03req/s] [内存消耗：1,382.65kb] [文件加载：40]
[ info ] [ LANG ] D:\myBlog_web\houtai\OAofficeSystem\thinkphp\lang\zh-cn.php
[ info ] [ BIND ] 'oa'
[ info ] [ ROUTE ] array (
  'type' => 'module',
  'module' => 
  array (
    0 => 'oa',
    1 => '__IMAGES__',
    2 => 'user.png',
  ),
)
[ info ] [ HEADER ] array (
  'host' => 'www.oa.com',
  'user-agent' => 'Mozilla/5.0 (Windows NT 10.0; WOW64) AppleWebKit/537.36 (KHTML, like Gecko) Chrome/70.0.3538.102 Safari/537.36',
  'accept' => 'image/webp,image/apng,image/*,*/*;q=0.8',
  'accept-encoding' => 'gzip, deflate',
  'accept-language' => 'zh-CN,zh;q=0.9',
  'cookie' => 'PHPSESSID=b6fauo4crg4oqve33oskrtg7n0',
  'proxy-connection' => 'keep-alive',
  'referer' => 'http://www.oa.com/',
  'x-lantern-version' => '5.2.2',
)
[ info ] [ PARAM ] array (
  '__IMAGES__/user_png' => '',
)
[ info ] [ LOG ] INIT File
---------------------------------------------------------------
[ 2019-01-02T15:24:02+08:00 ] 127.0.0.1 GET www.oa.com/
[运行时间：0.100372s] [吞吐率：9.96req/s] [内存消耗：2,885.57kb] [文件加载：57]
[ info ] [ LANG ] D:\myBlog_web\houtai\OAofficeSystem\thinkphp\lang\zh-cn.php
[ info ] [ BIND ] 'oa'
[ info ] [ ROUTE ] array (
  'type' => 'module',
  'module' => 
  array (
    0 => 'oa',
    1 => NULL,
    2 => NULL,
  ),
)
[ info ] [ HEADER ] array (
  'host' => 'www.oa.com',
  'user-agent' => 'Mozilla/5.0 (Windows NT 10.0; WOW64) AppleWebKit/537.36 (KHTML, like Gecko) Chrome/70.0.3538.102 Safari/537.36',
  'accept' => 'text/html,application/xhtml+xml,application/xml;q=0.9,image/webp,image/apng,*/*;q=0.8',
  'accept-encoding' => 'gzip, deflate',
  'accept-language' => 'zh-CN,zh;q=0.9',
  'cookie' => 'PHPSESSID=b6fauo4crg4oqve33oskrtg7n0',
  'proxy-connection' => 'keep-alive',
  'referer' => 'http://www.oa.com/',
  'upgrade-insecure-requests' => '1',
  'x-lantern-version' => '5.2.2',
)
[ info ] [ PARAM ] array (
)
[ info ] [ SESSION ] INIT array (
  'id' => '',
  'var_session_id' => '',
  'prefix' => 'think',
  'type' => '',
  'auto_start' => true,
)
[ info ] [ DB ] INIT mysql
[ info ] [ RUN ] app\oa\controller\Index->index[ D:\myBlog_web\houtai\OAofficeSystem\application\oa\controller\Index.php ]
[ info ] [ VIEW ] D:\myBlog_web\houtai\OAofficeSystem\public/../application/oa\view\.\index.html [ array (
  0 => 'tree',
) ]
[ info ] [ LOG ] INIT File
[ sql ] [ DB ] CONNECT:[ UseTime:0.010937s ] mysql:host=127.0.0.1;dbname=tp;charset=utf8
[ sql ] [ SQL ] SHOW COLUMNS FROM `oa_groups` [ RunTime:0.014491s ]
[ sql ] [ SQL ] SELECT `permission` FROM `oa_groups` WHERE  `id` IS NULL LIMIT 1 [ RunTime:0.001234s ]
[ sql ] [ SQL ] SHOW COLUMNS FROM `oa_rule` [ RunTime:0.013947s ]
[ sql ] [ SQL ] SELECT * FROM `oa_rule` WHERE  `is_show` = '1'  AND `status` = '1' [ RunTime:0.001181s ]
---------------------------------------------------------------
[ 2019-01-02T15:24:02+08:00 ] 127.0.0.1 GET www.oa.com/__IMAGES__/user.png
[运行时间：0.055733s] [吞吐率：17.94req/s] [内存消耗：1,382.64kb] [文件加载：40]
[ info ] [ LANG ] D:\myBlog_web\houtai\OAofficeSystem\thinkphp\lang\zh-cn.php
[ info ] [ BIND ] 'oa'
[ info ] [ ROUTE ] array (
  'type' => 'module',
  'module' => 
  array (
    0 => 'oa',
    1 => '__IMAGES__',
    2 => 'user.png',
  ),
)
[ info ] [ HEADER ] array (
  'host' => 'www.oa.com',
  'user-agent' => 'Mozilla/5.0 (Windows NT 10.0; WOW64) AppleWebKit/537.36 (KHTML, like Gecko) Chrome/70.0.3538.102 Safari/537.36',
  'accept' => 'image/webp,image/apng,image/*,*/*;q=0.8',
  'accept-encoding' => 'gzip, deflate',
  'accept-language' => 'zh-CN,zh;q=0.9',
  'cookie' => 'PHPSESSID=b6fauo4crg4oqve33oskrtg7n0',
  'proxy-connection' => 'keep-alive',
  'referer' => 'http://www.oa.com/',
  'x-lantern-version' => '5.2.2',
)
[ info ] [ PARAM ] array (
  '__IMAGES__/user_png' => '',
)
[ info ] [ LOG ] INIT File
---------------------------------------------------------------
[ 2019-01-02T15:24:21+08:00 ] 127.0.0.1 GET www.oa.com/login/outlogin.html
[运行时间：0.157559s] [吞吐率：6.35req/s] [内存消耗：1,708.01kb] [文件加载：46]
[ info ] [ LANG ] D:\myBlog_web\houtai\OAofficeSystem\thinkphp\lang\zh-cn.php
[ info ] [ BIND ] 'oa'
[ info ] [ ROUTE ] array (
  'type' => 'module',
  'module' => 
  array (
    0 => 'oa',
    1 => 'login',
    2 => 'outlogin',
  ),
)
[ info ] [ HEADER ] array (
  'host' => 'www.oa.com',
  'user-agent' => 'Mozilla/5.0 (Windows NT 10.0; WOW64) AppleWebKit/537.36 (KHTML, like Gecko) Chrome/70.0.3538.102 Safari/537.36',
  'accept' => 'text/html,application/xhtml+xml,application/xml;q=0.9,image/webp,image/apng,*/*;q=0.8',
  'accept-encoding' => 'gzip, deflate',
  'accept-language' => 'zh-CN,zh;q=0.9',
  'cookie' => 'PHPSESSID=b6fauo4crg4oqve33oskrtg7n0; ace_settings=%7B%22sidebar-collapsed%22%3A-1%7D',
  'proxy-connection' => 'keep-alive',
  'referer' => 'http://www.oa.com/',
  'upgrade-insecure-requests' => '1',
  'x-lantern-version' => '5.2.2',
)
[ info ] [ PARAM ] array (
  'login/outlogin_html' => '',
)
[ info ] [ RUN ] app\oa\controller\Login->outLogin[ D:\myBlog_web\houtai\OAofficeSystem\application\oa\controller\Login.php ]
[ info ] [ SESSION ] INIT array (
  'id' => '',
  'var_session_id' => '',
  'prefix' => 'think',
  'type' => '',
  'auto_start' => true,
)
[ info ] [ LOG ] INIT File
---------------------------------------------------------------
[ 2019-01-02T15:24:21+08:00 ] 127.0.0.1 GET www.oa.com/login/index.html
[运行时间：0.031726s] [吞吐率：31.52req/s] [内存消耗：1,689.20kb] [文件加载：45]
[ info ] [ LANG ] D:\myBlog_web\houtai\OAofficeSystem\thinkphp\lang\zh-cn.php
[ info ] [ BIND ] 'oa'
[ info ] [ ROUTE ] array (
  'type' => 'module',
  'module' => 
  array (
    0 => 'oa',
    1 => 'login',
    2 => 'index',
  ),
)
[ info ] [ HEADER ] array (
  'host' => 'www.oa.com',
  'user-agent' => 'Mozilla/5.0 (Windows NT 10.0; WOW64) AppleWebKit/537.36 (KHTML, like Gecko) Chrome/70.0.3538.102 Safari/537.36',
  'accept' => 'text/html,application/xhtml+xml,application/xml;q=0.9,image/webp,image/apng,*/*;q=0.8',
  'accept-encoding' => 'gzip, deflate',
  'accept-language' => 'zh-CN,zh;q=0.9',
  'cookie' => 'PHPSESSID=b6fauo4crg4oqve33oskrtg7n0; ace_settings=%7B%22sidebar-collapsed%22%3A-1%7D',
  'proxy-connection' => 'keep-alive',
  'referer' => 'http://www.oa.com/',
  'upgrade-insecure-requests' => '1',
  'x-lantern-version' => '5.2.2',
)
[ info ] [ PARAM ] array (
  'login/index_html' => '',
)
[ info ] [ RUN ] app\oa\controller\Login->index[ D:\myBlog_web\houtai\OAofficeSystem\application\oa\controller\Login.php ]
[ info ] [ VIEW ] D:\myBlog_web\houtai\OAofficeSystem\public/../application/oa\view\.\login.html [ array (
) ]
[ info ] [ LOG ] INIT File
---------------------------------------------------------------
[ 2019-01-02T15:24:21+08:00 ] 127.0.0.1 GET www.oa.com/login/showyzm.html
[运行时间：0.054835s] [吞吐率：18.24req/s] [内存消耗：1,683.55kb] [文件加载：44]
[ info ] [ LANG ] D:\myBlog_web\houtai\OAofficeSystem\thinkphp\lang\zh-cn.php
[ info ] [ BIND ] 'oa'
[ info ] [ ROUTE ] array (
  'type' => 'module',
  'module' => 
  array (
    0 => 'oa',
    1 => 'login',
    2 => 'showyzm',
  ),
)
[ info ] [ HEADER ] array (
  'host' => 'www.oa.com',
  'user-agent' => 'Mozilla/5.0 (Windows NT 10.0; WOW64) AppleWebKit/537.36 (KHTML, like Gecko) Chrome/70.0.3538.102 Safari/537.36',
  'accept' => 'image/webp,image/apng,image/*,*/*;q=0.8',
  'accept-encoding' => 'gzip, deflate',
  'accept-language' => 'zh-CN,zh;q=0.9',
  'cookie' => 'PHPSESSID=b6fauo4crg4oqve33oskrtg7n0; ace_settings=%7B%22sidebar-collapsed%22%3A-1%7D',
  'proxy-connection' => 'keep-alive',
  'referer' => 'http://www.oa.com/login/index.html',
  'x-lantern-version' => '5.2.2',
)
[ info ] [ PARAM ] array (
  'login/showyzm_html' => '',
)
[ info ] [ RUN ] app\oa\controller\Login->showyzm[ D:\myBlog_web\houtai\OAofficeSystem\application\oa\controller\Login.php ]
[ info ] [ SESSION ] INIT array (
  'id' => '',
  'var_session_id' => '',
  'prefix' => 'think',
  'type' => '',
  'auto_start' => true,
)
[ info ] [ LOG ] INIT File
---------------------------------------------------------------
[ 2019-01-02T15:24:30+08:00 ] 127.0.0.1 GET www.oa.com/login/showyzm/0.7059057701604585
[运行时间：0.036564s] [吞吐率：27.35req/s] [内存消耗：1,683.73kb] [文件加载：44]
[ info ] [ LANG ] D:\myBlog_web\houtai\OAofficeSystem\thinkphp\lang\zh-cn.php
[ info ] [ BIND ] 'oa'
[ info ] [ ROUTE ] array (
  'type' => 'module',
  'module' => 
  array (
    0 => 'oa',
    1 => 'login',
    2 => 'showyzm',
  ),
)
[ info ] [ HEADER ] array (
  'host' => 'www.oa.com',
  'user-agent' => 'Mozilla/5.0 (Windows NT 10.0; WOW64) AppleWebKit/537.36 (KHTML, like Gecko) Chrome/70.0.3538.102 Safari/537.36',
  'accept' => 'image/webp,image/apng,image/*,*/*;q=0.8',
  'accept-encoding' => 'gzip, deflate',
  'accept-language' => 'zh-CN,zh;q=0.9',
  'cookie' => 'PHPSESSID=b6fauo4crg4oqve33oskrtg7n0; ace_settings=%7B%22sidebar-collapsed%22%3A-1%7D',
  'proxy-connection' => 'keep-alive',
  'referer' => 'http://www.oa.com/login/index.html',
  'x-lantern-version' => '5.2.2',
)
[ info ] [ PARAM ] array (
  'login/showyzm/0_7059057701604585' => '',
)
[ info ] [ RUN ] app\oa\controller\Login->showyzm[ D:\myBlog_web\houtai\OAofficeSystem\application\oa\controller\Login.php ]
[ info ] [ SESSION ] INIT array (
  'id' => '',
  'var_session_id' => '',
  'prefix' => 'think',
  'type' => '',
  'auto_start' => true,
)
[ info ] [ LOG ] INIT File
---------------------------------------------------------------
[ 2019-01-02T15:24:38+08:00 ] 127.0.0.1 POST www.oa.com/login/dologin.html
[运行时间：0.084708s] [吞吐率：11.81req/s] [内存消耗：2,851.13kb] [文件加载：56]
[ info ] [ LANG ] D:\myBlog_web\houtai\OAofficeSystem\thinkphp\lang\zh-cn.php
[ info ] [ BIND ] 'oa'
[ info ] [ ROUTE ] array (
  'type' => 'module',
  'module' => 
  array (
    0 => 'oa',
    1 => 'login',
    2 => 'dologin',
  ),
)
[ info ] [ HEADER ] array (
  'host' => 'www.oa.com',
  'user-agent' => 'Mozilla/5.0 (Windows NT 10.0; WOW64) AppleWebKit/537.36 (KHTML, like Gecko) Chrome/70.0.3538.102 Safari/537.36',
  'content-length' => '37',
  'accept' => 'text/html,application/xhtml+xml,application/xml;q=0.9,image/webp,image/apng,*/*;q=0.8',
  'accept-encoding' => 'gzip, deflate',
  'accept-language' => 'zh-CN,zh;q=0.9',
  'cache-control' => 'max-age=0',
  'content-type' => 'application/x-www-form-urlencoded',
  'cookie' => 'PHPSESSID=b6fauo4crg4oqve33oskrtg7n0; ace_settings=%7B%22sidebar-collapsed%22%3A-1%7D',
  'origin' => 'http://www.oa.com',
  'proxy-connection' => 'keep-alive',
  'referer' => 'http://www.oa.com/login/index.html',
  'upgrade-insecure-requests' => '1',
  'x-lantern-version' => '5.2.2',
)
[ info ] [ PARAM ] array (
  'login/dologin_html' => '',
  'user' => 'admin',
  'password' => 'admin123',
  'yzm' => '4au4',
)
[ info ] [ RUN ] app\oa\controller\Login->doLogin[ D:\myBlog_web\houtai\OAofficeSystem\application\oa\controller\Login.php ]
[ info ] [ DB ] INIT mysql
[ info ] [ SESSION ] INIT array (
  'id' => '',
  'var_session_id' => '',
  'prefix' => 'think',
  'type' => '',
  'auto_start' => true,
)
[ info ] [ VIEW ] D:\myBlog_web\houtai\OAofficeSystem\thinkphp\tpl\dispatch_jump.tpl [ array (
  0 => 'code',
  1 => 'msg',
  2 => 'data',
  3 => 'url',
  4 => 'wait',
) ]
[ info ] [ LOG ] INIT File
[ sql ] [ DB ] CONNECT:[ UseTime:0.003862s ] mysql:host=127.0.0.1;dbname=tp;charset=utf8
[ sql ] [ SQL ] SHOW COLUMNS FROM `oa_member` [ RunTime:0.018006s ]
[ sql ] [ SQL ] SELECT * FROM `oa_member` WHERE  `member_name` = 'admin' LIMIT 1 [ RunTime:0.002146s ]
---------------------------------------------------------------
[ 2019-01-02T15:24:39+08:00 ] 127.0.0.1 GET www.oa.com/index/index.html
[运行时间：0.111009s] [吞吐率：9.01req/s] [内存消耗：2,889.19kb] [文件加载：57]
[ info ] [ LANG ] D:\myBlog_web\houtai\OAofficeSystem\thinkphp\lang\zh-cn.php
[ info ] [ BIND ] 'oa'
[ info ] [ ROUTE ] array (
  'type' => 'module',
  'module' => 
  array (
    0 => 'oa',
    1 => 'index',
    2 => 'index',
  ),
)
[ info ] [ HEADER ] array (
  'host' => 'www.oa.com',
  'user-agent' => 'Mozilla/5.0 (Windows NT 10.0; WOW64) AppleWebKit/537.36 (KHTML, like Gecko) Chrome/70.0.3538.102 Safari/537.36',
  'accept' => 'text/html,application/xhtml+xml,application/xml;q=0.9,image/webp,image/apng,*/*;q=0.8',
  'accept-encoding' => 'gzip, deflate',
  'accept-language' => 'zh-CN,zh;q=0.9',
  'cookie' => 'PHPSESSID=b6fauo4crg4oqve33oskrtg7n0; ace_settings=%7B%22sidebar-collapsed%22%3A-1%7D',
  'proxy-connection' => 'keep-alive',
  'referer' => 'http://www.oa.com/login/dologin.html',
  'upgrade-insecure-requests' => '1',
  'x-lantern-version' => '5.2.2',
)
[ info ] [ PARAM ] array (
  'index/index_html' => '',
)
[ info ] [ SESSION ] INIT array (
  'id' => '',
  'var_session_id' => '',
  'prefix' => 'think',
  'type' => '',
  'auto_start' => true,
)
[ info ] [ DB ] INIT mysql
[ info ] [ RUN ] app\oa\controller\Index->index[ D:\myBlog_web\houtai\OAofficeSystem\application\oa\controller\Index.php ]
[ info ] [ VIEW ] D:\myBlog_web\houtai\OAofficeSystem\public/../application/oa\view\.\index.html [ array (
  0 => 'tree',
) ]
[ info ] [ LOG ] INIT File
[ sql ] [ DB ] CONNECT:[ UseTime:0.012286s ] mysql:host=127.0.0.1;dbname=tp;charset=utf8
[ sql ] [ SQL ] SHOW COLUMNS FROM `oa_groups` [ RunTime:0.017395s ]
[ sql ] [ SQL ] SELECT `permission` FROM `oa_groups` WHERE  `id` IS NULL LIMIT 1 [ RunTime:0.002696s ]
[ sql ] [ SQL ] SHOW COLUMNS FROM `oa_rule` [ RunTime:0.015038s ]
[ sql ] [ SQL ] SELECT * FROM `oa_rule` WHERE  `is_show` = '1'  AND `status` = '1' [ RunTime:0.002546s ]
---------------------------------------------------------------
[ 2019-01-02T15:24:39+08:00 ] 127.0.0.1 GET www.oa.com/index/__IMAGES__/user.png
[运行时间：0.159669s] [吞吐率：6.26req/s] [内存消耗：2,861.74kb] [文件加载：58]
[ info ] [ LANG ] D:\myBlog_web\houtai\OAofficeSystem\thinkphp\lang\zh-cn.php
[ info ] [ BIND ] 'oa'
[ info ] [ ROUTE ] array (
  'type' => 'module',
  'module' => 
  array (
    0 => 'oa',
    1 => 'index',
    2 => '__IMAGES__',
  ),
)
[ info ] [ HEADER ] array (
  'host' => 'www.oa.com',
  'user-agent' => 'Mozilla/5.0 (Windows NT 10.0; WOW64) AppleWebKit/537.36 (KHTML, like Gecko) Chrome/70.0.3538.102 Safari/537.36',
  'accept' => 'image/webp,image/apng,image/*,*/*;q=0.8',
  'accept-encoding' => 'gzip, deflate',
  'accept-language' => 'zh-CN,zh;q=0.9',
  'cookie' => 'PHPSESSID=b6fauo4crg4oqve33oskrtg7n0; ace_settings=%7B%22sidebar-collapsed%22%3A-1%7D',
  'proxy-connection' => 'keep-alive',
  'referer' => 'http://www.oa.com/index/index.html',
  'x-lantern-version' => '5.2.2',
)
[ info ] [ PARAM ] array (
  'index/__IMAGES__/user_png' => '',
)
[ info ] [ SESSION ] INIT array (
  'id' => '',
  'var_session_id' => '',
  'prefix' => 'think',
  'type' => '',
  'auto_start' => true,
)
[ info ] [ DB ] INIT mysql
[ info ] [ LOG ] INIT File
[ sql ] [ DB ] CONNECT:[ UseTime:0.005162s ] mysql:host=127.0.0.1;dbname=tp;charset=utf8
[ sql ] [ SQL ] SHOW COLUMNS FROM `oa_groups` [ RunTime:0.032203s ]
[ sql ] [ SQL ] SELECT `permission` FROM `oa_groups` WHERE  `id` IS NULL LIMIT 1 [ RunTime:0.003907s ]
[ sql ] [ SQL ] SHOW COLUMNS FROM `oa_rule` [ RunTime:0.022486s ]
[ sql ] [ SQL ] SELECT * FROM `oa_rule` WHERE  `is_show` = '1'  AND `status` = '1' [ RunTime:0.003063s ]
---------------------------------------------------------------
[ 2019-01-02T15:26:49+08:00 ] 127.0.0.1 GET www.oa.com/index/index.html
[运行时间：0.109646s] [吞吐率：9.12req/s] [内存消耗：2,889.38kb] [文件加载：57]
[ info ] [ LANG ] D:\myBlog_web\houtai\OAofficeSystem\thinkphp\lang\zh-cn.php
[ info ] [ BIND ] 'oa'
[ info ] [ ROUTE ] array (
  'type' => 'module',
  'module' => 
  array (
    0 => 'oa',
    1 => 'index',
    2 => 'index',
  ),
)
[ info ] [ HEADER ] array (
  'host' => 'www.oa.com',
  'user-agent' => 'Mozilla/5.0 (Windows NT 10.0; WOW64) AppleWebKit/537.36 (KHTML, like Gecko) Chrome/70.0.3538.102 Safari/537.36',
  'accept' => 'text/html,application/xhtml+xml,application/xml;q=0.9,image/webp,image/apng,*/*;q=0.8',
  'accept-encoding' => 'gzip, deflate',
  'accept-language' => 'zh-CN,zh;q=0.9',
  'cache-control' => 'max-age=0',
  'cookie' => 'PHPSESSID=b6fauo4crg4oqve33oskrtg7n0; ace_settings=%7B%22sidebar-collapsed%22%3A-1%7D',
  'proxy-connection' => 'keep-alive',
  'referer' => 'http://www.oa.com/login/dologin.html',
  'upgrade-insecure-requests' => '1',
  'x-lantern-version' => '5.2.2',
)
[ info ] [ PARAM ] array (
  'index/index_html' => '',
)
[ info ] [ SESSION ] INIT array (
  'id' => '',
  'var_session_id' => '',
  'prefix' => 'think',
  'type' => '',
  'auto_start' => true,
)
[ info ] [ DB ] INIT mysql
[ info ] [ RUN ] app\oa\controller\Index->index[ D:\myBlog_web\houtai\OAofficeSystem\application\oa\controller\Index.php ]
[ info ] [ VIEW ] D:\myBlog_web\houtai\OAofficeSystem\public/../application/oa\view\.\index.html [ array (
  0 => 'tree',
) ]
[ info ] [ LOG ] INIT File
[ sql ] [ DB ] CONNECT:[ UseTime:0.003415s ] mysql:host=127.0.0.1;dbname=tp;charset=utf8
[ sql ] [ SQL ] SHOW COLUMNS FROM `oa_groups` [ RunTime:0.016215s ]
[ sql ] [ SQL ] SELECT `permission` FROM `oa_groups` WHERE  `id` IS NULL LIMIT 1 [ RunTime:0.003103s ]
[ sql ] [ SQL ] SHOW COLUMNS FROM `oa_rule` [ RunTime:0.016381s ]
[ sql ] [ SQL ] SELECT * FROM `oa_rule` WHERE  `is_show` = '1'  AND `status` = '1' [ RunTime:0.002465s ]
---------------------------------------------------------------
[ 2019-01-02T15:26:49+08:00 ] 127.0.0.1 GET www.oa.com/index/__IMAGES__/user.png
[运行时间：0.195863s] [吞吐率：5.11req/s] [内存消耗：2,861.74kb] [文件加载：58]
[ info ] [ LANG ] D:\myBlog_web\houtai\OAofficeSystem\thinkphp\lang\zh-cn.php
[ info ] [ BIND ] 'oa'
[ info ] [ ROUTE ] array (
  'type' => 'module',
  'module' => 
  array (
    0 => 'oa',
    1 => 'index',
    2 => '__IMAGES__',
  ),
)
[ info ] [ HEADER ] array (
  'host' => 'www.oa.com',
  'user-agent' => 'Mozilla/5.0 (Windows NT 10.0; WOW64) AppleWebKit/537.36 (KHTML, like Gecko) Chrome/70.0.3538.102 Safari/537.36',
  'accept' => 'image/webp,image/apng,image/*,*/*;q=0.8',
  'accept-encoding' => 'gzip, deflate',
  'accept-language' => 'zh-CN,zh;q=0.9',
  'cookie' => 'PHPSESSID=b6fauo4crg4oqve33oskrtg7n0; ace_settings=%7B%22sidebar-collapsed%22%3A-1%7D',
  'proxy-connection' => 'keep-alive',
  'referer' => 'http://www.oa.com/index/index.html',
  'x-lantern-version' => '5.2.2',
)
[ info ] [ PARAM ] array (
  'index/__IMAGES__/user_png' => '',
)
[ info ] [ SESSION ] INIT array (
  'id' => '',
  'var_session_id' => '',
  'prefix' => 'think',
  'type' => '',
  'auto_start' => true,
)
[ info ] [ DB ] INIT mysql
[ info ] [ LOG ] INIT File
[ sql ] [ DB ] CONNECT:[ UseTime:0.013877s ] mysql:host=127.0.0.1;dbname=tp;charset=utf8
[ sql ] [ SQL ] SHOW COLUMNS FROM `oa_groups` [ RunTime:0.032558s ]
[ sql ] [ SQL ] SELECT `permission` FROM `oa_groups` WHERE  `id` IS NULL LIMIT 1 [ RunTime:0.005651s ]
[ sql ] [ SQL ] SHOW COLUMNS FROM `oa_rule` [ RunTime:0.020702s ]
[ sql ] [ SQL ] SELECT * FROM `oa_rule` WHERE  `is_show` = '1'  AND `status` = '1' [ RunTime:0.004090s ]
