---------------------------------------------------------------
[ 2018-11-24T14:09:05+08:00 ] 127.0.0.1 GET www.oa.com/
[运行时间：0.054007s] [吞吐率：18.52req/s] [内存消耗：1,363.50kb] [文件加载：44]
[ info ] [ LANG ] D:\my\kecheng\thinkphp\OAofficeSystem\thinkphp\lang\zh-cn.php
[ info ] [ BIND ] 'oa'
[ info ] [ ROUTE ] array (
  'type' => 'module',
  'module' => 
  array (
    0 => 'oa',
    1 => NULL,
    2 => NULL,
  ),
)
[ info ] [ HEADER ] array (
  'cookie' => 'pgv_pvi=1614578688',
  'accept-language' => 'zh-CN,zh;q=0.9',
  'accept-encoding' => 'gzip, deflate',
  'accept' => 'text/html,application/xhtml+xml,application/xml;q=0.9,image/webp,image/apng,*/*;q=0.8',
  'user-agent' => 'Mozilla/5.0 (Windows NT 6.1; WOW64) AppleWebKit/537.36 (KHTML, like Gecko) Chrome/70.0.3538.102 Safari/537.36',
  'upgrade-insecure-requests' => '1',
  'cache-control' => 'max-age=0',
  'connection' => 'close',
  'host' => 'www.oa.com',
)
[ info ] [ PARAM ] array (
)
[ info ] [ SESSION ] INIT array (
  'id' => '',
  'var_session_id' => '',
  'prefix' => 'think',
  'type' => '',
  'auto_start' => true,
)
[ info ] [ VIEW ] D:\my\kecheng\thinkphp\OAofficeSystem\thinkphp\tpl\dispatch_jump.tpl [ array (
  0 => 'code',
  1 => 'msg',
  2 => 'data',
  3 => 'url',
  4 => 'wait',
) ]
[ info ] [ LOG ] INIT File
---------------------------------------------------------------
[ 2018-11-24T14:09:07+08:00 ] 127.0.0.1 GET www.oa.com/login/index.html
[运行时间：0.028004s] [吞吐率：35.71req/s] [内存消耗：1,354.17kb] [文件加载：42]
[ info ] [ LANG ] D:\my\kecheng\thinkphp\OAofficeSystem\thinkphp\lang\zh-cn.php
[ info ] [ BIND ] 'oa'
[ info ] [ ROUTE ] array (
  'type' => 'module',
  'module' => 
  array (
    0 => 'oa',
    1 => 'login',
    2 => 'index',
  ),
)
[ info ] [ HEADER ] array (
  'cookie' => 'pgv_pvi=1614578688; PHPSESSID=angf35uu2giimugqmssa6q4bl6',
  'accept-language' => 'zh-CN,zh;q=0.9',
  'accept-encoding' => 'gzip, deflate',
  'referer' => 'http://www.oa.com/',
  'accept' => 'text/html,application/xhtml+xml,application/xml;q=0.9,image/webp,image/apng,*/*;q=0.8',
  'user-agent' => 'Mozilla/5.0 (Windows NT 6.1; WOW64) AppleWebKit/537.36 (KHTML, like Gecko) Chrome/70.0.3538.102 Safari/537.36',
  'upgrade-insecure-requests' => '1',
  'connection' => 'close',
  'host' => 'www.oa.com',
)
[ info ] [ PARAM ] array (
  'login/index_html' => '',
)
[ info ] [ RUN ] app\oa\controller\Login->index[ D:\my\kecheng\thinkphp\OAofficeSystem\application\oa\controller\Login.php ]
[ info ] [ VIEW ] D:\my\kecheng\thinkphp\OAofficeSystem\public/../application/oa\view\.\login.html [ array (
) ]
[ info ] [ LOG ] INIT File
---------------------------------------------------------------
[ 2018-11-24T14:09:08+08:00 ] 127.0.0.1 GET www.oa.com/login/showyzm.html
[运行时间：0.046506s] [吞吐率：21.50req/s] [内存消耗：1,350.59kb] [文件加载：41]
[ info ] [ LANG ] D:\my\kecheng\thinkphp\OAofficeSystem\thinkphp\lang\zh-cn.php
[ info ] [ BIND ] 'oa'
[ info ] [ ROUTE ] array (
  'type' => 'module',
  'module' => 
  array (
    0 => 'oa',
    1 => 'login',
    2 => 'showyzm',
  ),
)
[ info ] [ HEADER ] array (
  'cookie' => 'pgv_pvi=1614578688; PHPSESSID=angf35uu2giimugqmssa6q4bl6',
  'accept-language' => 'zh-CN,zh;q=0.9',
  'accept-encoding' => 'gzip, deflate',
  'referer' => 'http://www.oa.com/login/index.html',
  'accept' => 'image/webp,image/apng,image/*,*/*;q=0.8',
  'user-agent' => 'Mozilla/5.0 (Windows NT 6.1; WOW64) AppleWebKit/537.36 (KHTML, like Gecko) Chrome/70.0.3538.102 Safari/537.36',
  'connection' => 'close',
  'host' => 'www.oa.com',
)
[ info ] [ PARAM ] array (
  'login/showyzm_html' => '',
)
[ info ] [ RUN ] app\oa\controller\Login->showyzm[ D:\my\kecheng\thinkphp\OAofficeSystem\application\oa\controller\Login.php ]
[ info ] [ SESSION ] INIT array (
  'id' => '',
  'var_session_id' => '',
  'prefix' => 'think',
  'type' => '',
  'auto_start' => true,
)
[ info ] [ LOG ] INIT File
---------------------------------------------------------------
[ 2018-11-24T14:09:28+08:00 ] 127.0.0.1 GET www.oa.com/login/showyzm/0.2707804998148844
[运行时间：0.024503s] [吞吐率：40.81req/s] [内存消耗：1,351.41kb] [文件加载：41]
[ info ] [ LANG ] D:\my\kecheng\thinkphp\OAofficeSystem\thinkphp\lang\zh-cn.php
[ info ] [ BIND ] 'oa'
[ info ] [ ROUTE ] array (
  'type' => 'module',
  'module' => 
  array (
    0 => 'oa',
    1 => 'login',
    2 => 'showyzm',
  ),
)
[ info ] [ HEADER ] array (
  'cookie' => 'pgv_pvi=1614578688; PHPSESSID=angf35uu2giimugqmssa6q4bl6',
  'accept-language' => 'zh-CN,zh;q=0.9',
  'accept-encoding' => 'gzip, deflate',
  'referer' => 'http://www.oa.com/login/index.html',
  'accept' => 'image/webp,image/apng,image/*,*/*;q=0.8',
  'user-agent' => 'Mozilla/5.0 (Windows NT 6.1; WOW64) AppleWebKit/537.36 (KHTML, like Gecko) Chrome/70.0.3538.102 Safari/537.36',
  'cache-control' => 'no-cache',
  'pragma' => 'no-cache',
  'connection' => 'close',
  'host' => 'www.oa.com',
)
[ info ] [ PARAM ] array (
  'login/showyzm/0_2707804998148844' => '',
)
[ info ] [ RUN ] app\oa\controller\Login->showyzm[ D:\my\kecheng\thinkphp\OAofficeSystem\application\oa\controller\Login.php ]
[ info ] [ SESSION ] INIT array (
  'id' => '',
  'var_session_id' => '',
  'prefix' => 'think',
  'type' => '',
  'auto_start' => true,
)
[ info ] [ LOG ] INIT File
---------------------------------------------------------------
[ 2018-11-24T14:09:28+08:00 ] 127.0.0.1 GET www.oa.com/login/showyzm/0.728341289318513
[运行时间：0.024503s] [吞吐率：40.81req/s] [内存消耗：1,351.26kb] [文件加载：41]
[ info ] [ LANG ] D:\my\kecheng\thinkphp\OAofficeSystem\thinkphp\lang\zh-cn.php
[ info ] [ BIND ] 'oa'
[ info ] [ ROUTE ] array (
  'type' => 'module',
  'module' => 
  array (
    0 => 'oa',
    1 => 'login',
    2 => 'showyzm',
  ),
)
[ info ] [ HEADER ] array (
  'cookie' => 'pgv_pvi=1614578688; PHPSESSID=angf35uu2giimugqmssa6q4bl6',
  'accept-language' => 'zh-CN,zh;q=0.9',
  'accept-encoding' => 'gzip, deflate',
  'referer' => 'http://www.oa.com/login/index.html',
  'accept' => 'image/webp,image/apng,image/*,*/*;q=0.8',
  'user-agent' => 'Mozilla/5.0 (Windows NT 6.1; WOW64) AppleWebKit/537.36 (KHTML, like Gecko) Chrome/70.0.3538.102 Safari/537.36',
  'cache-control' => 'no-cache',
  'pragma' => 'no-cache',
  'connection' => 'close',
  'host' => 'www.oa.com',
)
[ info ] [ PARAM ] array (
  'login/showyzm/0_728341289318513' => '',
)
[ info ] [ RUN ] app\oa\controller\Login->showyzm[ D:\my\kecheng\thinkphp\OAofficeSystem\application\oa\controller\Login.php ]
[ info ] [ SESSION ] INIT array (
  'id' => '',
  'var_session_id' => '',
  'prefix' => 'think',
  'type' => '',
  'auto_start' => true,
)
[ info ] [ LOG ] INIT File
---------------------------------------------------------------
[ 2018-11-24T14:09:34+08:00 ] 127.0.0.1 POST www.oa.com/login/dologin.html
[运行时间：0.068009s] [吞吐率：14.70req/s] [内存消耗：2,350.52kb] [文件加载：54]
[ info ] [ LANG ] D:\my\kecheng\thinkphp\OAofficeSystem\thinkphp\lang\zh-cn.php
[ info ] [ BIND ] 'oa'
[ info ] [ ROUTE ] array (
  'type' => 'module',
  'module' => 
  array (
    0 => 'oa',
    1 => 'login',
    2 => 'dologin',
  ),
)
[ info ] [ HEADER ] array (
  'cookie' => 'pgv_pvi=1614578688; PHPSESSID=angf35uu2giimugqmssa6q4bl6',
  'accept-language' => 'zh-CN,zh;q=0.9',
  'accept-encoding' => 'gzip, deflate',
  'referer' => 'http://www.oa.com/login/index.html',
  'accept' => 'text/html,application/xhtml+xml,application/xml;q=0.9,image/webp,image/apng,*/*;q=0.8',
  'user-agent' => 'Mozilla/5.0 (Windows NT 6.1; WOW64) AppleWebKit/537.36 (KHTML, like Gecko) Chrome/70.0.3538.102 Safari/537.36',
  'content-type' => 'application/x-www-form-urlencoded',
  'upgrade-insecure-requests' => '1',
  'origin' => 'http://www.oa.com',
  'cache-control' => 'no-cache',
  'pragma' => 'no-cache',
  'content-length' => '37',
  'connection' => 'close',
  'host' => 'www.oa.com',
)
[ info ] [ PARAM ] array (
  'login/dologin_html' => '',
  'user' => 'admin',
  'password' => 'admin123',
  'yzm' => 'bbma',
)
[ info ] [ RUN ] app\oa\controller\Login->doLogin[ D:\my\kecheng\thinkphp\OAofficeSystem\application\oa\controller\Login.php ]
[ info ] [ SESSION ] INIT array (
  'id' => '',
  'var_session_id' => '',
  'prefix' => 'think',
  'type' => '',
  'auto_start' => true,
)
[ info ] [ DB ] INIT mysql
[ info ] [ VIEW ] D:\my\kecheng\thinkphp\OAofficeSystem\thinkphp\tpl\dispatch_jump.tpl [ array (
  0 => 'code',
  1 => 'msg',
  2 => 'data',
  3 => 'url',
  4 => 'wait',
) ]
[ info ] [ LOG ] INIT File
[ sql ] [ DB ] CONNECT:[ UseTime:0.003000s ] mysql:host=127.0.0.1;dbname=tp;charset=utf8
[ sql ] [ SQL ] SHOW COLUMNS FROM `oa_member` [ RunTime:0.013001s ]
[ sql ] [ SQL ] SELECT * FROM `oa_member` WHERE  `member_name` = 'admin' LIMIT 1 [ RunTime:0.001001s ]
---------------------------------------------------------------
[ 2018-11-24T14:09:37+08:00 ] 127.0.0.1 GET www.oa.com/index/index.html
[运行时间：0.067508s] [吞吐率：14.81req/s] [内存消耗：2,343.05kb] [文件加载：54]
[ info ] [ LANG ] D:\my\kecheng\thinkphp\OAofficeSystem\thinkphp\lang\zh-cn.php
[ info ] [ BIND ] 'oa'
[ info ] [ ROUTE ] array (
  'type' => 'module',
  'module' => 
  array (
    0 => 'oa',
    1 => 'index',
    2 => 'index',
  ),
)
[ info ] [ HEADER ] array (
  'cookie' => 'pgv_pvi=1614578688; PHPSESSID=angf35uu2giimugqmssa6q4bl6',
  'accept-language' => 'zh-CN,zh;q=0.9',
  'accept-encoding' => 'gzip, deflate',
  'referer' => 'http://www.oa.com/login/dologin.html',
  'accept' => 'text/html,application/xhtml+xml,application/xml;q=0.9,image/webp,image/apng,*/*;q=0.8',
  'user-agent' => 'Mozilla/5.0 (Windows NT 6.1; WOW64) AppleWebKit/537.36 (KHTML, like Gecko) Chrome/70.0.3538.102 Safari/537.36',
  'upgrade-insecure-requests' => '1',
  'cache-control' => 'no-cache',
  'pragma' => 'no-cache',
  'connection' => 'close',
  'host' => 'www.oa.com',
)
[ info ] [ PARAM ] array (
  'index/index_html' => '',
)
[ info ] [ SESSION ] INIT array (
  'id' => '',
  'var_session_id' => '',
  'prefix' => 'think',
  'type' => '',
  'auto_start' => true,
)
[ info ] [ DB ] INIT mysql
[ info ] [ RUN ] app\oa\controller\Index->index[ D:\my\kecheng\thinkphp\OAofficeSystem\application\oa\controller\Index.php ]
[ info ] [ VIEW ] D:\my\kecheng\thinkphp\OAofficeSystem\public/../application/oa\view\.\index.html [ array (
  0 => 'tree',
) ]
[ info ] [ LOG ] INIT File
[ sql ] [ DB ] CONNECT:[ UseTime:0.010001s ] mysql:host=127.0.0.1;dbname=tp;charset=utf8
[ sql ] [ SQL ] SHOW COLUMNS FROM `oa_groups` [ RunTime:0.008001s ]
[ sql ] [ SQL ] SELECT `permission` FROM `oa_groups` WHERE  `id` = 1 LIMIT 1 [ RunTime:0.000500s ]
[ sql ] [ SQL ] SHOW COLUMNS FROM `oa_rule` [ RunTime:0.008501s ]
[ sql ] [ SQL ] SELECT * FROM `oa_rule` WHERE  `is_show` = 1  AND `status` = 1 [ RunTime:0.001000s ]
---------------------------------------------------------------
[ 2018-11-24T14:19:59+08:00 ] 127.0.0.1 GET www.oa.com/index/index.html
[运行时间：0.065009s] [吞吐率：15.38req/s] [内存消耗：2,341.82kb] [文件加载：54]
[ info ] [ LANG ] D:\my\kecheng\thinkphp\OAofficeSystem\thinkphp\lang\zh-cn.php
[ info ] [ BIND ] 'oa'
[ info ] [ ROUTE ] array (
  'type' => 'module',
  'module' => 
  array (
    0 => 'oa',
    1 => 'index',
    2 => 'index',
  ),
)
[ info ] [ HEADER ] array (
  'cookie' => 'pgv_pvi=1614578688; PHPSESSID=angf35uu2giimugqmssa6q4bl6',
  'accept-language' => 'zh-CN,zh;q=0.9',
  'accept-encoding' => 'gzip, deflate',
  'accept' => 'text/html,application/xhtml+xml,application/xml;q=0.9,image/webp,image/apng,*/*;q=0.8',
  'user-agent' => 'Mozilla/5.0 (Windows NT 6.1; WOW64) AppleWebKit/537.36 (KHTML, like Gecko) Chrome/70.0.3538.102 Safari/537.36',
  'upgrade-insecure-requests' => '1',
  'cache-control' => 'no-cache',
  'pragma' => 'no-cache',
  'connection' => 'close',
  'host' => 'www.oa.com',
)
[ info ] [ PARAM ] array (
  'index/index_html' => '',
)
[ info ] [ SESSION ] INIT array (
  'id' => '',
  'var_session_id' => '',
  'prefix' => 'think',
  'type' => '',
  'auto_start' => true,
)
[ info ] [ DB ] INIT mysql
[ info ] [ RUN ] app\oa\controller\Index->index[ D:\my\kecheng\thinkphp\OAofficeSystem\application\oa\controller\Index.php ]
[ info ] [ VIEW ] D:\my\kecheng\thinkphp\OAofficeSystem\public/../application/oa\view\.\index.html [ array (
  0 => 'tree',
) ]
[ info ] [ LOG ] INIT File
[ sql ] [ DB ] CONNECT:[ UseTime:0.001000s ] mysql:host=127.0.0.1;dbname=tp;charset=utf8
[ sql ] [ SQL ] SHOW COLUMNS FROM `oa_groups` [ RunTime:0.007501s ]
[ sql ] [ SQL ] SELECT `permission` FROM `oa_groups` WHERE  `id` = 1 LIMIT 1 [ RunTime:0.000500s ]
[ sql ] [ SQL ] SHOW COLUMNS FROM `oa_rule` [ RunTime:0.005501s ]
[ sql ] [ SQL ] SELECT * FROM `oa_rule` WHERE  `is_show` = 1  AND `status` = 1 [ RunTime:0.000500s ]
---------------------------------------------------------------
[ 2018-11-24T14:20:04+08:00 ] 127.0.0.1 GET blog.oa.com/
[运行时间：0.043506s] [吞吐率：22.99req/s] [内存消耗：1,362.63kb] [文件加载：44]
[ info ] [ LANG ] D:\my\kecheng\thinkphp\OAofficeSystem\thinkphp\lang\zh-cn.php
[ info ] [ BIND ] 'oa'
[ info ] [ ROUTE ] array (
  'type' => 'module',
  'module' => 
  array (
    0 => 'oa',
    1 => NULL,
    2 => NULL,
  ),
)
[ info ] [ HEADER ] array (
  'cookie' => 'pgv_pvi=1614578688',
  'accept-language' => 'zh-CN,zh;q=0.9',
  'accept-encoding' => 'gzip, deflate',
  'accept' => 'text/html,application/xhtml+xml,application/xml;q=0.9,image/webp,image/apng,*/*;q=0.8',
  'user-agent' => 'Mozilla/5.0 (Windows NT 6.1; WOW64) AppleWebKit/537.36 (KHTML, like Gecko) Chrome/70.0.3538.102 Safari/537.36',
  'upgrade-insecure-requests' => '1',
  'purpose' => 'prefetch',
  'connection' => 'close',
  'host' => 'blog.oa.com',
)
[ info ] [ PARAM ] array (
)
[ info ] [ SESSION ] INIT array (
  'id' => '',
  'var_session_id' => '',
  'prefix' => 'think',
  'type' => '',
  'auto_start' => true,
)
[ info ] [ VIEW ] D:\my\kecheng\thinkphp\OAofficeSystem\thinkphp\tpl\dispatch_jump.tpl [ array (
  0 => 'code',
  1 => 'msg',
  2 => 'data',
  3 => 'url',
  4 => 'wait',
) ]
[ info ] [ LOG ] INIT File
---------------------------------------------------------------
[ 2018-11-24T14:20:17+08:00 ] 127.0.0.1 GET blog.oa.com/
[运行时间：0.027503s] [吞吐率：36.36req/s] [内存消耗：1,362.29kb] [文件加载：44]
[ info ] [ LANG ] D:\my\kecheng\thinkphp\OAofficeSystem\thinkphp\lang\zh-cn.php
[ info ] [ BIND ] 'oa'
[ info ] [ ROUTE ] array (
  'type' => 'module',
  'module' => 
  array (
    0 => 'oa',
    1 => NULL,
    2 => NULL,
  ),
)
[ info ] [ HEADER ] array (
  'cookie' => 'pgv_pvi=1614578688; PHPSESSID=kutvugiekq7idtev48l8hmggk0',
  'accept-language' => 'zh-CN,zh;q=0.9',
  'accept-encoding' => 'gzip, deflate',
  'accept' => 'text/html,application/xhtml+xml,application/xml;q=0.9,image/webp,image/apng,*/*;q=0.8',
  'user-agent' => 'Mozilla/5.0 (Windows NT 6.1; WOW64) AppleWebKit/537.36 (KHTML, like Gecko) Chrome/70.0.3538.102 Safari/537.36',
  'upgrade-insecure-requests' => '1',
  'connection' => 'close',
  'host' => 'blog.oa.com',
)
[ info ] [ PARAM ] array (
)
[ info ] [ SESSION ] INIT array (
  'id' => '',
  'var_session_id' => '',
  'prefix' => 'think',
  'type' => '',
  'auto_start' => true,
)
[ info ] [ VIEW ] D:\my\kecheng\thinkphp\OAofficeSystem\thinkphp\tpl\dispatch_jump.tpl [ array (
  0 => 'code',
  1 => 'msg',
  2 => 'data',
  3 => 'url',
  4 => 'wait',
) ]
[ info ] [ LOG ] INIT File
---------------------------------------------------------------
[ 2018-11-24T14:20:20+08:00 ] 127.0.0.1 GET blog.oa.com/login/index.html
[运行时间：0.032004s] [吞吐率：31.25req/s] [内存消耗：1,353.24kb] [文件加载：42]
[ info ] [ LANG ] D:\my\kecheng\thinkphp\OAofficeSystem\thinkphp\lang\zh-cn.php
[ info ] [ BIND ] 'oa'
[ info ] [ ROUTE ] array (
  'type' => 'module',
  'module' => 
  array (
    0 => 'oa',
    1 => 'login',
    2 => 'index',
  ),
)
[ info ] [ HEADER ] array (
  'cookie' => 'pgv_pvi=1614578688; PHPSESSID=kutvugiekq7idtev48l8hmggk0',
  'accept-language' => 'zh-CN,zh;q=0.9',
  'accept-encoding' => 'gzip, deflate',
  'referer' => 'http://blog.oa.com/',
  'accept' => 'text/html,application/xhtml+xml,application/xml;q=0.9,image/webp,image/apng,*/*;q=0.8',
  'user-agent' => 'Mozilla/5.0 (Windows NT 6.1; WOW64) AppleWebKit/537.36 (KHTML, like Gecko) Chrome/70.0.3538.102 Safari/537.36',
  'upgrade-insecure-requests' => '1',
  'connection' => 'close',
  'host' => 'blog.oa.com',
)
[ info ] [ PARAM ] array (
  'login/index_html' => '',
)
[ info ] [ RUN ] app\oa\controller\Login->index[ D:\my\kecheng\thinkphp\OAofficeSystem\application\oa\controller\Login.php ]
[ info ] [ VIEW ] D:\my\kecheng\thinkphp\OAofficeSystem\public/../application/oa\view\.\login.html [ array (
) ]
[ info ] [ LOG ] INIT File
---------------------------------------------------------------
[ 2018-11-24T14:20:21+08:00 ] 127.0.0.1 GET blog.oa.com/login/showyzm.html
[运行时间：0.030504s] [吞吐率：32.78req/s] [内存消耗：1,349.73kb] [文件加载：41]
[ info ] [ LANG ] D:\my\kecheng\thinkphp\OAofficeSystem\thinkphp\lang\zh-cn.php
[ info ] [ BIND ] 'oa'
[ info ] [ ROUTE ] array (
  'type' => 'module',
  'module' => 
  array (
    0 => 'oa',
    1 => 'login',
    2 => 'showyzm',
  ),
)
[ info ] [ HEADER ] array (
  'cookie' => 'pgv_pvi=1614578688; PHPSESSID=kutvugiekq7idtev48l8hmggk0',
  'accept-language' => 'zh-CN,zh;q=0.9',
  'accept-encoding' => 'gzip, deflate',
  'referer' => 'http://blog.oa.com/login/index.html',
  'accept' => 'image/webp,image/apng,image/*,*/*;q=0.8',
  'user-agent' => 'Mozilla/5.0 (Windows NT 6.1; WOW64) AppleWebKit/537.36 (KHTML, like Gecko) Chrome/70.0.3538.102 Safari/537.36',
  'connection' => 'close',
  'host' => 'blog.oa.com',
)
[ info ] [ PARAM ] array (
  'login/showyzm_html' => '',
)
[ info ] [ RUN ] app\oa\controller\Login->showyzm[ D:\my\kecheng\thinkphp\OAofficeSystem\application\oa\controller\Login.php ]
[ info ] [ SESSION ] INIT array (
  'id' => '',
  'var_session_id' => '',
  'prefix' => 'think',
  'type' => '',
  'auto_start' => true,
)
[ info ] [ LOG ] INIT File
---------------------------------------------------------------
[ 2018-11-24T14:20:35+08:00 ] 127.0.0.1 GET blog.oa.com/login/index.html
[运行时间：0.029503s] [吞吐率：33.90req/s] [内存消耗：1,112.57kb] [文件加载：37]
[ info ] [ LANG ] D:\my\kecheng\thinkphp\OAofficeSystem\thinkphp\lang\zh-cn.php
[ info ] [ BIND ] 'blog'
[ info ] [ ROUTE ] array (
  'type' => 'module',
  'module' => 
  array (
    0 => 'blog',
    1 => 'login',
    2 => 'index',
  ),
)
[ info ] [ HEADER ] array (
  'cookie' => 'pgv_pvi=1614578688; PHPSESSID=kutvugiekq7idtev48l8hmggk0',
  'accept-language' => 'zh-CN,zh;q=0.9',
  'accept-encoding' => 'gzip, deflate',
  'accept' => 'text/html,application/xhtml+xml,application/xml;q=0.9,image/webp,image/apng,*/*;q=0.8',
  'user-agent' => 'Mozilla/5.0 (Windows NT 6.1; WOW64) AppleWebKit/537.36 (KHTML, like Gecko) Chrome/70.0.3538.102 Safari/537.36',
  'upgrade-insecure-requests' => '1',
  'cache-control' => 'max-age=0',
  'connection' => 'close',
  'host' => 'blog.oa.com',
)
[ info ] [ PARAM ] array (
  'login/index_html' => '',
)
[ info ] [ LOG ] INIT File
---------------------------------------------------------------
[ 2018-11-24T14:20:39+08:00 ] 127.0.0.1 GET blog.oa.com/login/index.html
[运行时间：0.023503s] [吞吐率：42.55req/s] [内存消耗：1,112.57kb] [文件加载：37]
[ info ] [ LANG ] D:\my\kecheng\thinkphp\OAofficeSystem\thinkphp\lang\zh-cn.php
[ info ] [ BIND ] 'blog'
[ info ] [ ROUTE ] array (
  'type' => 'module',
  'module' => 
  array (
    0 => 'blog',
    1 => 'login',
    2 => 'index',
  ),
)
[ info ] [ HEADER ] array (
  'cookie' => 'pgv_pvi=1614578688; PHPSESSID=kutvugiekq7idtev48l8hmggk0',
  'accept-language' => 'zh-CN,zh;q=0.9',
  'accept-encoding' => 'gzip, deflate',
  'accept' => 'text/html,application/xhtml+xml,application/xml;q=0.9,image/webp,image/apng,*/*;q=0.8',
  'user-agent' => 'Mozilla/5.0 (Windows NT 6.1; WOW64) AppleWebKit/537.36 (KHTML, like Gecko) Chrome/70.0.3538.102 Safari/537.36',
  'upgrade-insecure-requests' => '1',
  'cache-control' => 'max-age=0',
  'connection' => 'close',
  'host' => 'blog.oa.com',
)
[ info ] [ PARAM ] array (
  'login/index_html' => '',
)
[ info ] [ LOG ] INIT File
---------------------------------------------------------------
[ 2018-11-24T14:20:46+08:00 ] 127.0.0.1 GET blog.oa.com/
[运行时间：0.094012s] [吞吐率：10.64req/s] [内存消耗：2,412.49kb] [文件加载：56]
[ info ] [ LANG ] D:\my\kecheng\thinkphp\OAofficeSystem\thinkphp\lang\zh-cn.php
[ info ] [ BIND ] 'blog'
[ info ] [ ROUTE ] array (
  'type' => 'module',
  'module' => 
  array (
    0 => 'blog',
    1 => NULL,
    2 => NULL,
  ),
)
[ info ] [ HEADER ] array (
  'cookie' => 'pgv_pvi=1614578688; PHPSESSID=kutvugiekq7idtev48l8hmggk0',
  'accept-language' => 'zh-CN,zh;q=0.9',
  'accept-encoding' => 'gzip, deflate',
  'accept' => 'text/html,application/xhtml+xml,application/xml;q=0.9,image/webp,image/apng,*/*;q=0.8',
  'user-agent' => 'Mozilla/5.0 (Windows NT 6.1; WOW64) AppleWebKit/537.36 (KHTML, like Gecko) Chrome/70.0.3538.102 Safari/537.36',
  'upgrade-insecure-requests' => '1',
  'connection' => 'close',
  'host' => 'blog.oa.com',
)
[ info ] [ PARAM ] array (
)
[ info ] [ RUN ] app\blog\controller\Index->index[ D:\my\kecheng\thinkphp\OAofficeSystem\application\blog\controller\Index.php ]
[ info ] [ SESSION ] INIT array (
  'id' => '',
  'var_session_id' => '',
  'prefix' => 'think',
  'type' => '',
  'auto_start' => true,
)
[ info ] [ DB ] INIT mysql
[ info ] [ VIEW ] D:\my\kecheng\thinkphp\OAofficeSystem\public/../application/blog\view\index\index.html [ array (
  0 => 'type',
  1 => 'name',
  2 => 'data',
) ]
[ info ] [ LOG ] INIT File
[ sql ] [ DB ] CONNECT:[ UseTime:0.010501s ] mysql:host=127.0.0.1;dbname=tp;charset=utf8
[ sql ] [ SQL ] SHOW COLUMNS FROM `oa_bgtype` [ RunTime:0.008001s ]
[ sql ] [ SQL ] SELECT `id`,`type` FROM `oa_bgtype` [ RunTime:0.000000s ]
[ sql ] [ SQL ] SHOW COLUMNS FROM `oa_member` [ RunTime:0.006500s ]
[ sql ] [ SQL ] SELECT `id`,`member_name` FROM `oa_member` [ RunTime:0.001001s ]
[ sql ] [ SQL ] SHOW COLUMNS FROM `oa_blog` [ RunTime:0.009001s ]
[ sql ] [ SQL ] SELECT COUNT(*) AS tp_count FROM `oa_blog` `a` LEFT JOIN `oa_bgtype` `b` ON `a`.`type_id`=`b`.`id` LEFT JOIN `oa_member` `c` ON `a`.`add_userid`=`c`.`id` WHERE  `add_userid` IS NULL LIMIT 1 [ RunTime:0.001501s ]
[ sql ] [ SQL ] SELECT * FROM `oa_blog` `a` LEFT JOIN `oa_bgtype` `b` ON `a`.`type_id`=`b`.`id` LEFT JOIN `oa_member` `c` ON `a`.`add_userid`=`c`.`id` WHERE  `add_userid` IS NULL LIMIT 0,10 [ RunTime:0.000500s ]
---------------------------------------------------------------
[ 2018-11-24T14:20:50+08:00 ] 127.0.0.1 GET www.oa.com/index/index.html
[运行时间：0.060507s] [吞吐率：16.53req/s] [内存消耗：2,343.44kb] [文件加载：54]
[ info ] [ LANG ] D:\my\kecheng\thinkphp\OAofficeSystem\thinkphp\lang\zh-cn.php
[ info ] [ BIND ] 'oa'
[ info ] [ ROUTE ] array (
  'type' => 'module',
  'module' => 
  array (
    0 => 'oa',
    1 => 'index',
    2 => 'index',
  ),
)
[ info ] [ HEADER ] array (
  'cookie' => 'pgv_pvi=1614578688; PHPSESSID=angf35uu2giimugqmssa6q4bl6',
  'accept-language' => 'zh-CN,zh;q=0.9',
  'accept-encoding' => 'gzip, deflate',
  'accept' => 'text/html,application/xhtml+xml,application/xml;q=0.9,image/webp,image/apng,*/*;q=0.8',
  'user-agent' => 'Mozilla/5.0 (Windows NT 6.1; WOW64) AppleWebKit/537.36 (KHTML, like Gecko) Chrome/70.0.3538.102 Safari/537.36',
  'upgrade-insecure-requests' => '1',
  'cache-control' => 'no-cache',
  'pragma' => 'no-cache',
  'connection' => 'close',
  'host' => 'www.oa.com',
)
[ info ] [ PARAM ] array (
  'index/index_html' => '',
)
[ info ] [ SESSION ] INIT array (
  'id' => '',
  'var_session_id' => '',
  'prefix' => 'think',
  'type' => '',
  'auto_start' => true,
)
[ info ] [ DB ] INIT mysql
[ info ] [ RUN ] app\oa\controller\Index->index[ D:\my\kecheng\thinkphp\OAofficeSystem\application\oa\controller\Index.php ]
[ info ] [ VIEW ] D:\my\kecheng\thinkphp\OAofficeSystem\public/../application/oa\view\.\index.html [ array (
  0 => 'tree',
) ]
[ info ] [ LOG ] INIT File
[ sql ] [ DB ] CONNECT:[ UseTime:0.001000s ] mysql:host=127.0.0.1;dbname=tp;charset=utf8
[ sql ] [ SQL ] SHOW COLUMNS FROM `oa_groups` [ RunTime:0.006001s ]
[ sql ] [ SQL ] SELECT `permission` FROM `oa_groups` WHERE  `id` = 1 LIMIT 1 [ RunTime:0.000500s ]
[ sql ] [ SQL ] SHOW COLUMNS FROM `oa_rule` [ RunTime:0.006501s ]
[ sql ] [ SQL ] SELECT * FROM `oa_rule` WHERE  `is_show` = 1  AND `status` = 1 [ RunTime:0.000500s ]
---------------------------------------------------------------
[ 2018-11-24T14:21:18+08:00 ] 127.0.0.1 GET blog.oa.com/
[运行时间：0.027503s] [吞吐率：36.36req/s] [内存消耗：1,364.65kb] [文件加载：44]
[ info ] [ LANG ] D:\my\kecheng\thinkphp\OAofficeSystem\thinkphp\lang\zh-cn.php
[ info ] [ BIND ] 'oa'
[ info ] [ ROUTE ] array (
  'type' => 'module',
  'module' => 
  array (
    0 => 'oa',
    1 => NULL,
    2 => NULL,
  ),
)
[ info ] [ HEADER ] array (
  'cookie' => 'pgv_pvi=1614578688; PHPSESSID=kutvugiekq7idtev48l8hmggk0',
  'accept-language' => 'zh-CN,zh;q=0.9',
  'accept-encoding' => 'gzip, deflate',
  'accept' => 'text/html,application/xhtml+xml,application/xml;q=0.9,image/webp,image/apng,*/*;q=0.8',
  'user-agent' => 'Mozilla/5.0 (Windows NT 6.1; WOW64) AppleWebKit/537.36 (KHTML, like Gecko) Chrome/70.0.3538.102 Safari/537.36',
  'upgrade-insecure-requests' => '1',
  'cache-control' => 'max-age=0',
  'connection' => 'close',
  'host' => 'blog.oa.com',
)
[ info ] [ PARAM ] array (
)
[ info ] [ SESSION ] INIT array (
  'id' => '',
  'var_session_id' => '',
  'prefix' => 'think',
  'type' => '',
  'auto_start' => true,
)
[ info ] [ VIEW ] D:\my\kecheng\thinkphp\OAofficeSystem\thinkphp\tpl\dispatch_jump.tpl [ array (
  0 => 'code',
  1 => 'msg',
  2 => 'data',
  3 => 'url',
  4 => 'wait',
) ]
[ info ] [ LOG ] INIT File
---------------------------------------------------------------
[ 2018-11-24T14:21:21+08:00 ] 127.0.0.1 GET blog.oa.com/login/index.html
[运行时间：0.022002s] [吞吐率：45.45req/s] [内存消耗：1,354.87kb] [文件加载：42]
[ info ] [ LANG ] D:\my\kecheng\thinkphp\OAofficeSystem\thinkphp\lang\zh-cn.php
[ info ] [ BIND ] 'oa'
[ info ] [ ROUTE ] array (
  'type' => 'module',
  'module' => 
  array (
    0 => 'oa',
    1 => 'login',
    2 => 'index',
  ),
)
[ info ] [ HEADER ] array (
  'cookie' => 'pgv_pvi=1614578688; PHPSESSID=kutvugiekq7idtev48l8hmggk0',
  'accept-language' => 'zh-CN,zh;q=0.9',
  'accept-encoding' => 'gzip, deflate',
  'referer' => 'http://blog.oa.com/',
  'accept' => 'text/html,application/xhtml+xml,application/xml;q=0.9,image/webp,image/apng,*/*;q=0.8',
  'user-agent' => 'Mozilla/5.0 (Windows NT 6.1; WOW64) AppleWebKit/537.36 (KHTML, like Gecko) Chrome/70.0.3538.102 Safari/537.36',
  'upgrade-insecure-requests' => '1',
  'connection' => 'close',
  'host' => 'blog.oa.com',
)
[ info ] [ PARAM ] array (
  'login/index_html' => '',
)
[ info ] [ RUN ] app\oa\controller\Login->index[ D:\my\kecheng\thinkphp\OAofficeSystem\application\oa\controller\Login.php ]
[ info ] [ VIEW ] D:\my\kecheng\thinkphp\OAofficeSystem\public/../application/oa\view\.\login.html [ array (
) ]
[ info ] [ LOG ] INIT File
---------------------------------------------------------------
[ 2018-11-24T14:21:21+08:00 ] 127.0.0.1 GET blog.oa.com/login/showyzm.html
[运行时间：0.036505s] [吞吐率：27.39req/s] [内存消耗：1,351.23kb] [文件加载：41]
[ info ] [ LANG ] D:\my\kecheng\thinkphp\OAofficeSystem\thinkphp\lang\zh-cn.php
[ info ] [ BIND ] 'oa'
[ info ] [ ROUTE ] array (
  'type' => 'module',
  'module' => 
  array (
    0 => 'oa',
    1 => 'login',
    2 => 'showyzm',
  ),
)
[ info ] [ HEADER ] array (
  'cookie' => 'pgv_pvi=1614578688; PHPSESSID=kutvugiekq7idtev48l8hmggk0',
  'accept-language' => 'zh-CN,zh;q=0.9',
  'accept-encoding' => 'gzip, deflate',
  'referer' => 'http://blog.oa.com/login/index.html',
  'accept' => 'image/webp,image/apng,image/*,*/*;q=0.8',
  'user-agent' => 'Mozilla/5.0 (Windows NT 6.1; WOW64) AppleWebKit/537.36 (KHTML, like Gecko) Chrome/70.0.3538.102 Safari/537.36',
  'connection' => 'close',
  'host' => 'blog.oa.com',
)
[ info ] [ PARAM ] array (
  'login/showyzm_html' => '',
)
[ info ] [ RUN ] app\oa\controller\Login->showyzm[ D:\my\kecheng\thinkphp\OAofficeSystem\application\oa\controller\Login.php ]
[ info ] [ SESSION ] INIT array (
  'id' => '',
  'var_session_id' => '',
  'prefix' => 'think',
  'type' => '',
  'auto_start' => true,
)
[ info ] [ LOG ] INIT File
---------------------------------------------------------------
[ 2018-11-24T14:21:53+08:00 ] 127.0.0.1 GET blog.oa.com/
[运行时间：0.033504s] [吞吐率：29.85req/s] [内存消耗：1,108.54kb] [文件加载：35]
[ info ] [ LANG ] D:\my\kecheng\thinkphp\OAofficeSystem\thinkphp\lang\zh-cn.php
[ info ] [ BIND ] 'blogs'
[ info ] [ ROUTE ] array (
  'type' => 'module',
  'module' => 
  array (
    0 => 'blogs',
    1 => NULL,
    2 => NULL,
  ),
)
[ info ] [ HEADER ] array (
  'cookie' => 'pgv_pvi=1614578688; PHPSESSID=kutvugiekq7idtev48l8hmggk0',
  'accept-language' => 'zh-CN,zh;q=0.9',
  'accept-encoding' => 'gzip, deflate',
  'accept' => 'text/html,application/xhtml+xml,application/xml;q=0.9,image/webp,image/apng,*/*;q=0.8',
  'user-agent' => 'Mozilla/5.0 (Windows NT 6.1; WOW64) AppleWebKit/537.36 (KHTML, like Gecko) Chrome/70.0.3538.102 Safari/537.36',
  'upgrade-insecure-requests' => '1',
  'purpose' => 'prefetch',
  'connection' => 'close',
  'host' => 'blog.oa.com',
)
[ info ] [ PARAM ] array (
)
[ info ] [ LOG ] INIT File
---------------------------------------------------------------
[ 2018-11-24T14:22:07+08:00 ] 127.0.0.1 GET blog.oa.com/
[运行时间：0.034004s] [吞吐率：29.41req/s] [内存消耗：1,364.65kb] [文件加载：44]
[ info ] [ LANG ] D:\my\kecheng\thinkphp\OAofficeSystem\thinkphp\lang\zh-cn.php
[ info ] [ BIND ] 'oa'
[ info ] [ ROUTE ] array (
  'type' => 'module',
  'module' => 
  array (
    0 => 'oa',
    1 => NULL,
    2 => NULL,
  ),
)
[ info ] [ HEADER ] array (
  'cookie' => 'pgv_pvi=1614578688; PHPSESSID=kutvugiekq7idtev48l8hmggk0',
  'accept-language' => 'zh-CN,zh;q=0.9',
  'accept-encoding' => 'gzip, deflate',
  'accept' => 'text/html,application/xhtml+xml,application/xml;q=0.9,image/webp,image/apng,*/*;q=0.8',
  'user-agent' => 'Mozilla/5.0 (Windows NT 6.1; WOW64) AppleWebKit/537.36 (KHTML, like Gecko) Chrome/70.0.3538.102 Safari/537.36',
  'upgrade-insecure-requests' => '1',
  'cache-control' => 'max-age=0',
  'connection' => 'close',
  'host' => 'blog.oa.com',
)
[ info ] [ PARAM ] array (
)
[ info ] [ SESSION ] INIT array (
  'id' => '',
  'var_session_id' => '',
  'prefix' => 'think',
  'type' => '',
  'auto_start' => true,
)
[ info ] [ VIEW ] D:\my\kecheng\thinkphp\OAofficeSystem\thinkphp\tpl\dispatch_jump.tpl [ array (
  0 => 'code',
  1 => 'msg',
  2 => 'data',
  3 => 'url',
  4 => 'wait',
) ]
[ info ] [ LOG ] INIT File
---------------------------------------------------------------
[ 2018-11-24T14:22:11+08:00 ] 127.0.0.1 GET blog.oa.com/login/index.html
[运行时间：0.035504s] [吞吐率：28.17req/s] [内存消耗：1,354.87kb] [文件加载：42]
[ info ] [ LANG ] D:\my\kecheng\thinkphp\OAofficeSystem\thinkphp\lang\zh-cn.php
[ info ] [ BIND ] 'oa'
[ info ] [ ROUTE ] array (
  'type' => 'module',
  'module' => 
  array (
    0 => 'oa',
    1 => 'login',
    2 => 'index',
  ),
)
[ info ] [ HEADER ] array (
  'cookie' => 'pgv_pvi=1614578688; PHPSESSID=kutvugiekq7idtev48l8hmggk0',
  'accept-language' => 'zh-CN,zh;q=0.9',
  'accept-encoding' => 'gzip, deflate',
  'referer' => 'http://blog.oa.com/',
  'accept' => 'text/html,application/xhtml+xml,application/xml;q=0.9,image/webp,image/apng,*/*;q=0.8',
  'user-agent' => 'Mozilla/5.0 (Windows NT 6.1; WOW64) AppleWebKit/537.36 (KHTML, like Gecko) Chrome/70.0.3538.102 Safari/537.36',
  'upgrade-insecure-requests' => '1',
  'connection' => 'close',
  'host' => 'blog.oa.com',
)
[ info ] [ PARAM ] array (
  'login/index_html' => '',
)
[ info ] [ RUN ] app\oa\controller\Login->index[ D:\my\kecheng\thinkphp\OAofficeSystem\application\oa\controller\Login.php ]
[ info ] [ VIEW ] D:\my\kecheng\thinkphp\OAofficeSystem\public/../application/oa\view\.\login.html [ array (
) ]
[ info ] [ LOG ] INIT File
---------------------------------------------------------------
[ 2018-11-24T14:22:11+08:00 ] 127.0.0.1 GET blog.oa.com/login/showyzm.html
[运行时间：0.038504s] [吞吐率：25.97req/s] [内存消耗：1,351.26kb] [文件加载：41]
[ info ] [ LANG ] D:\my\kecheng\thinkphp\OAofficeSystem\thinkphp\lang\zh-cn.php
[ info ] [ BIND ] 'oa'
[ info ] [ ROUTE ] array (
  'type' => 'module',
  'module' => 
  array (
    0 => 'oa',
    1 => 'login',
    2 => 'showyzm',
  ),
)
[ info ] [ HEADER ] array (
  'cookie' => 'pgv_pvi=1614578688; PHPSESSID=kutvugiekq7idtev48l8hmggk0',
  'accept-language' => 'zh-CN,zh;q=0.9',
  'accept-encoding' => 'gzip, deflate',
  'referer' => 'http://blog.oa.com/login/index.html',
  'accept' => 'image/webp,image/apng,image/*,*/*;q=0.8',
  'user-agent' => 'Mozilla/5.0 (Windows NT 6.1; WOW64) AppleWebKit/537.36 (KHTML, like Gecko) Chrome/70.0.3538.102 Safari/537.36',
  'connection' => 'close',
  'host' => 'blog.oa.com',
)
[ info ] [ PARAM ] array (
  'login/showyzm_html' => '',
)
[ info ] [ RUN ] app\oa\controller\Login->showyzm[ D:\my\kecheng\thinkphp\OAofficeSystem\application\oa\controller\Login.php ]
[ info ] [ SESSION ] INIT array (
  'id' => '',
  'var_session_id' => '',
  'prefix' => 'think',
  'type' => '',
  'auto_start' => true,
)
[ info ] [ LOG ] INIT File
---------------------------------------------------------------
[ 2018-11-24T14:22:26+08:00 ] 127.0.0.1 GET blog.oa.com/login/index.html
[运行时间：0.021002s] [吞吐率：47.61req/s] [内存消耗：1,112.57kb] [文件加载：37]
[ info ] [ LANG ] D:\my\kecheng\thinkphp\OAofficeSystem\thinkphp\lang\zh-cn.php
[ info ] [ BIND ] 'blog'
[ info ] [ ROUTE ] array (
  'type' => 'module',
  'module' => 
  array (
    0 => 'blog',
    1 => 'login',
    2 => 'index',
  ),
)
[ info ] [ HEADER ] array (
  'cookie' => 'pgv_pvi=1614578688; PHPSESSID=kutvugiekq7idtev48l8hmggk0',
  'accept-language' => 'zh-CN,zh;q=0.9',
  'accept-encoding' => 'gzip, deflate',
  'accept' => 'text/html,application/xhtml+xml,application/xml;q=0.9,image/webp,image/apng,*/*;q=0.8',
  'user-agent' => 'Mozilla/5.0 (Windows NT 6.1; WOW64) AppleWebKit/537.36 (KHTML, like Gecko) Chrome/70.0.3538.102 Safari/537.36',
  'upgrade-insecure-requests' => '1',
  'cache-control' => 'max-age=0',
  'connection' => 'close',
  'host' => 'blog.oa.com',
)
[ info ] [ PARAM ] array (
  'login/index_html' => '',
)
[ info ] [ LOG ] INIT File
---------------------------------------------------------------
[ 2018-11-24T14:22:29+08:00 ] 127.0.0.1 GET blog.oa.com/
[运行时间：0.105014s] [吞吐率：9.52req/s] [内存消耗：2,412.69kb] [文件加载：56]
[ info ] [ LANG ] D:\my\kecheng\thinkphp\OAofficeSystem\thinkphp\lang\zh-cn.php
[ info ] [ BIND ] 'blog'
[ info ] [ ROUTE ] array (
  'type' => 'module',
  'module' => 
  array (
    0 => 'blog',
    1 => NULL,
    2 => NULL,
  ),
)
[ info ] [ HEADER ] array (
  'cookie' => 'pgv_pvi=1614578688; PHPSESSID=kutvugiekq7idtev48l8hmggk0',
  'accept-language' => 'zh-CN,zh;q=0.9',
  'accept-encoding' => 'gzip, deflate',
  'accept' => 'text/html,application/xhtml+xml,application/xml;q=0.9,image/webp,image/apng,*/*;q=0.8',
  'user-agent' => 'Mozilla/5.0 (Windows NT 6.1; WOW64) AppleWebKit/537.36 (KHTML, like Gecko) Chrome/70.0.3538.102 Safari/537.36',
  'upgrade-insecure-requests' => '1',
  'purpose' => 'prefetch',
  'connection' => 'close',
  'host' => 'blog.oa.com',
)
[ info ] [ PARAM ] array (
)
[ info ] [ RUN ] app\blog\controller\Index->index[ D:\my\kecheng\thinkphp\OAofficeSystem\application\blog\controller\Index.php ]
[ info ] [ SESSION ] INIT array (
  'id' => '',
  'var_session_id' => '',
  'prefix' => 'think',
  'type' => '',
  'auto_start' => true,
)
[ info ] [ DB ] INIT mysql
[ info ] [ VIEW ] D:\my\kecheng\thinkphp\OAofficeSystem\public/../application/blog\view\index\index.html [ array (
  0 => 'type',
  1 => 'name',
  2 => 'data',
) ]
[ info ] [ LOG ] INIT File
[ sql ] [ DB ] CONNECT:[ UseTime:0.010002s ] mysql:host=127.0.0.1;dbname=tp;charset=utf8
[ sql ] [ SQL ] SHOW COLUMNS FROM `oa_bgtype` [ RunTime:0.008501s ]
[ sql ] [ SQL ] SELECT `id`,`type` FROM `oa_bgtype` [ RunTime:0.000500s ]
[ sql ] [ SQL ] SHOW COLUMNS FROM `oa_member` [ RunTime:0.007501s ]
[ sql ] [ SQL ] SELECT `id`,`member_name` FROM `oa_member` [ RunTime:0.000000s ]
[ sql ] [ SQL ] SHOW COLUMNS FROM `oa_blog` [ RunTime:0.007501s ]
[ sql ] [ SQL ] SELECT COUNT(*) AS tp_count FROM `oa_blog` `a` LEFT JOIN `oa_bgtype` `b` ON `a`.`type_id`=`b`.`id` LEFT JOIN `oa_member` `c` ON `a`.`add_userid`=`c`.`id` WHERE  `add_userid` IS NULL LIMIT 1 [ RunTime:0.001000s ]
[ sql ] [ SQL ] SELECT * FROM `oa_blog` `a` LEFT JOIN `oa_bgtype` `b` ON `a`.`type_id`=`b`.`id` LEFT JOIN `oa_member` `c` ON `a`.`add_userid`=`c`.`id` WHERE  `add_userid` IS NULL LIMIT 0,10 [ RunTime:0.000500s ]
---------------------------------------------------------------
[ 2018-11-24T14:22:34+08:00 ] 127.0.0.1 GET blog.oa.com/blog
[运行时间：0.022502s] [吞吐率：44.44req/s] [内存消耗：1,112.14kb] [文件加载：37]
[ info ] [ LANG ] D:\my\kecheng\thinkphp\OAofficeSystem\thinkphp\lang\zh-cn.php
[ info ] [ BIND ] 'blog'
[ info ] [ ROUTE ] array (
  'type' => 'module',
  'module' => 
  array (
    0 => 'blog',
    1 => 'blog',
    2 => NULL,
  ),
)
[ info ] [ HEADER ] array (
  'cookie' => 'pgv_pvi=1614578688; PHPSESSID=kutvugiekq7idtev48l8hmggk0',
  'accept-language' => 'zh-CN,zh;q=0.9',
  'accept-encoding' => 'gzip, deflate',
  'accept' => 'text/html,application/xhtml+xml,application/xml;q=0.9,image/webp,image/apng,*/*;q=0.8',
  'user-agent' => 'Mozilla/5.0 (Windows NT 6.1; WOW64) AppleWebKit/537.36 (KHTML, like Gecko) Chrome/70.0.3538.102 Safari/537.36',
  'upgrade-insecure-requests' => '1',
  'connection' => 'close',
  'host' => 'blog.oa.com',
)
[ info ] [ PARAM ] array (
  'blog' => '',
)
[ info ] [ LOG ] INIT File
---------------------------------------------------------------
[ 2018-11-24T14:22:39+08:00 ] 127.0.0.1 GET blog.oa.com/
[运行时间：0.065008s] [吞吐率：15.38req/s] [内存消耗：2,412.49kb] [文件加载：56]
[ info ] [ LANG ] D:\my\kecheng\thinkphp\OAofficeSystem\thinkphp\lang\zh-cn.php
[ info ] [ BIND ] 'blog'
[ info ] [ ROUTE ] array (
  'type' => 'module',
  'module' => 
  array (
    0 => 'blog',
    1 => NULL,
    2 => NULL,
  ),
)
[ info ] [ HEADER ] array (
  'cookie' => 'pgv_pvi=1614578688; PHPSESSID=kutvugiekq7idtev48l8hmggk0',
  'accept-language' => 'zh-CN,zh;q=0.9',
  'accept-encoding' => 'gzip, deflate',
  'accept' => 'text/html,application/xhtml+xml,application/xml;q=0.9,image/webp,image/apng,*/*;q=0.8',
  'user-agent' => 'Mozilla/5.0 (Windows NT 6.1; WOW64) AppleWebKit/537.36 (KHTML, like Gecko) Chrome/70.0.3538.102 Safari/537.36',
  'upgrade-insecure-requests' => '1',
  'connection' => 'close',
  'host' => 'blog.oa.com',
)
[ info ] [ PARAM ] array (
)
[ info ] [ RUN ] app\blog\controller\Index->index[ D:\my\kecheng\thinkphp\OAofficeSystem\application\blog\controller\Index.php ]
[ info ] [ SESSION ] INIT array (
  'id' => '',
  'var_session_id' => '',
  'prefix' => 'think',
  'type' => '',
  'auto_start' => true,
)
[ info ] [ DB ] INIT mysql
[ info ] [ VIEW ] D:\my\kecheng\thinkphp\OAofficeSystem\public/../application/blog\view\index\index.html [ array (
  0 => 'type',
  1 => 'name',
  2 => 'data',
) ]
[ info ] [ LOG ] INIT File
[ sql ] [ DB ] CONNECT:[ UseTime:0.001000s ] mysql:host=127.0.0.1;dbname=tp;charset=utf8
[ sql ] [ SQL ] SHOW COLUMNS FROM `oa_bgtype` [ RunTime:0.006000s ]
[ sql ] [ SQL ] SELECT `id`,`type` FROM `oa_bgtype` [ RunTime:0.000000s ]
[ sql ] [ SQL ] SHOW COLUMNS FROM `oa_member` [ RunTime:0.007501s ]
[ sql ] [ SQL ] SELECT `id`,`member_name` FROM `oa_member` [ RunTime:0.000500s ]
[ sql ] [ SQL ] SHOW COLUMNS FROM `oa_blog` [ RunTime:0.006001s ]
[ sql ] [ SQL ] SELECT COUNT(*) AS tp_count FROM `oa_blog` `a` LEFT JOIN `oa_bgtype` `b` ON `a`.`type_id`=`b`.`id` LEFT JOIN `oa_member` `c` ON `a`.`add_userid`=`c`.`id` WHERE  `add_userid` IS NULL LIMIT 1 [ RunTime:0.000500s ]
[ sql ] [ SQL ] SELECT * FROM `oa_blog` `a` LEFT JOIN `oa_bgtype` `b` ON `a`.`type_id`=`b`.`id` LEFT JOIN `oa_member` `c` ON `a`.`add_userid`=`c`.`id` WHERE  `add_userid` IS NULL LIMIT 0,10 [ RunTime:0.000500s ]
---------------------------------------------------------------
[ 2018-11-24T14:22:41+08:00 ] 127.0.0.1 GET blog.oa.com/index/artlist/id/3.html
[运行时间：0.065008s] [吞吐率：15.38req/s] [内存消耗：2,003.56kb] [文件加载：49]
[ info ] [ LANG ] D:\my\kecheng\thinkphp\OAofficeSystem\thinkphp\lang\zh-cn.php
[ info ] [ BIND ] 'blog'
[ info ] [ ROUTE ] array (
  'type' => 'module',
  'module' => 
  array (
    0 => 'blog',
    1 => 'index',
    2 => 'artlist',
  ),
)
[ info ] [ HEADER ] array (
  'cookie' => 'pgv_pvi=1614578688; PHPSESSID=kutvugiekq7idtev48l8hmggk0',
  'accept-language' => 'zh-CN,zh;q=0.9',
  'accept-encoding' => 'gzip, deflate',
  'referer' => 'http://blog.oa.com/',
  'accept' => 'text/html,application/xhtml+xml,application/xml;q=0.9,image/webp,image/apng,*/*;q=0.8',
  'user-agent' => 'Mozilla/5.0 (Windows NT 6.1; WOW64) AppleWebKit/537.36 (KHTML, like Gecko) Chrome/70.0.3538.102 Safari/537.36',
  'upgrade-insecure-requests' => '1',
  'connection' => 'close',
  'host' => 'blog.oa.com',
)
[ info ] [ PARAM ] array (
  'index/artlist/id/3_html' => '',
  'id' => '3',
)
[ info ] [ RUN ] app\blog\controller\Index->artlist[ D:\my\kecheng\thinkphp\OAofficeSystem\application\blog\controller\Index.php ]
[ info ] [ SESSION ] INIT array (
  'id' => '',
  'var_session_id' => '',
  'prefix' => 'think',
  'type' => '',
  'auto_start' => true,
)
[ info ] [ DB ] INIT mysql
[ info ] [ VIEW ] D:\my\kecheng\thinkphp\OAofficeSystem\public/../application/blog\view\.\artlist.html [ array (
  0 => 'lid',
  1 => 'type',
  2 => 'name',
  3 => 'data',
) ]
[ info ] [ LOG ] INIT File
[ sql ] [ DB ] CONNECT:[ UseTime:0.001000s ] mysql:host=127.0.0.1;dbname=tp;charset=utf8
[ sql ] [ SQL ] SHOW COLUMNS FROM `oa_bgtype` [ RunTime:0.005501s ]
[ sql ] [ SQL ] SELECT `id`,`type` FROM `oa_bgtype` [ RunTime:0.000000s ]
[ sql ] [ SQL ] SHOW COLUMNS FROM `oa_member` [ RunTime:0.006500s ]
[ sql ] [ SQL ] SELECT `id`,`member_name` FROM `oa_member` [ RunTime:0.000501s ]
---------------------------------------------------------------
[ 2018-11-24T14:22:43+08:00 ] 127.0.0.1 GET blog.oa.com/index/article/id/0/lid/3.html
[运行时间：0.059007s] [吞吐率：16.95req/s] [内存消耗：2,003.80kb] [文件加载：49]
[ info ] [ LANG ] D:\my\kecheng\thinkphp\OAofficeSystem\thinkphp\lang\zh-cn.php
[ info ] [ BIND ] 'blog'
[ info ] [ ROUTE ] array (
  'type' => 'module',
  'module' => 
  array (
    0 => 'blog',
    1 => 'index',
    2 => 'article',
  ),
)
[ info ] [ HEADER ] array (
  'cookie' => 'pgv_pvi=1614578688; PHPSESSID=kutvugiekq7idtev48l8hmggk0',
  'accept-language' => 'zh-CN,zh;q=0.9',
  'accept-encoding' => 'gzip, deflate',
  'referer' => 'http://blog.oa.com/index/artlist/id/3.html',
  'accept' => 'text/html,application/xhtml+xml,application/xml;q=0.9,image/webp,image/apng,*/*;q=0.8',
  'user-agent' => 'Mozilla/5.0 (Windows NT 6.1; WOW64) AppleWebKit/537.36 (KHTML, like Gecko) Chrome/70.0.3538.102 Safari/537.36',
  'upgrade-insecure-requests' => '1',
  'connection' => 'close',
  'host' => 'blog.oa.com',
)
[ info ] [ PARAM ] array (
  'index/article/id/0/lid/3_html' => '',
  'id' => '0',
  'lid' => '3',
)
[ info ] [ RUN ] app\blog\controller\Index->article[ D:\my\kecheng\thinkphp\OAofficeSystem\application\blog\controller\Index.php ]
[ info ] [ SESSION ] INIT array (
  'id' => '',
  'var_session_id' => '',
  'prefix' => 'think',
  'type' => '',
  'auto_start' => true,
)
[ info ] [ DB ] INIT mysql
[ info ] [ VIEW ] D:\my\kecheng\thinkphp\OAofficeSystem\public/../application/blog\view\.\article.html [ array (
  0 => 'lid',
  1 => 'type',
  2 => 'name',
  3 => 'data',
) ]
[ info ] [ LOG ] INIT File
[ sql ] [ DB ] CONNECT:[ UseTime:0.000500s ] mysql:host=127.0.0.1;dbname=tp;charset=utf8
[ sql ] [ SQL ] SHOW COLUMNS FROM `oa_bgtype` [ RunTime:0.006001s ]
[ sql ] [ SQL ] SELECT `id`,`type` FROM `oa_bgtype` [ RunTime:0.000500s ]
[ sql ] [ SQL ] SHOW COLUMNS FROM `oa_member` [ RunTime:0.006000s ]
[ sql ] [ SQL ] SELECT `id`,`member_name` FROM `oa_member` [ RunTime:0.000000s ]
---------------------------------------------------------------
[ 2018-11-24T14:22:45+08:00 ] 127.0.0.1 GET blog.oa.com/index/index.html
[运行时间：0.065509s] [吞吐率：15.27req/s] [内存消耗：2,416.30kb] [文件加载：56]
[ info ] [ LANG ] D:\my\kecheng\thinkphp\OAofficeSystem\thinkphp\lang\zh-cn.php
[ info ] [ BIND ] 'blog'
[ info ] [ ROUTE ] array (
  'type' => 'module',
  'module' => 
  array (
    0 => 'blog',
    1 => 'index',
    2 => 'index',
  ),
)
[ info ] [ HEADER ] array (
  'cookie' => 'pgv_pvi=1614578688; PHPSESSID=kutvugiekq7idtev48l8hmggk0',
  'accept-language' => 'zh-CN,zh;q=0.9',
  'accept-encoding' => 'gzip, deflate',
  'referer' => 'http://blog.oa.com/index/article/id/0/lid/3.html',
  'accept' => 'text/html,application/xhtml+xml,application/xml;q=0.9,image/webp,image/apng,*/*;q=0.8',
  'user-agent' => 'Mozilla/5.0 (Windows NT 6.1; WOW64) AppleWebKit/537.36 (KHTML, like Gecko) Chrome/70.0.3538.102 Safari/537.36',
  'upgrade-insecure-requests' => '1',
  'connection' => 'close',
  'host' => 'blog.oa.com',
)
[ info ] [ PARAM ] array (
  'index/index_html' => '',
)
[ info ] [ RUN ] app\blog\controller\Index->index[ D:\my\kecheng\thinkphp\OAofficeSystem\application\blog\controller\Index.php ]
[ info ] [ SESSION ] INIT array (
  'id' => '',
  'var_session_id' => '',
  'prefix' => 'think',
  'type' => '',
  'auto_start' => true,
)
[ info ] [ DB ] INIT mysql
[ info ] [ VIEW ] D:\my\kecheng\thinkphp\OAofficeSystem\public/../application/blog\view\index\index.html [ array (
  0 => 'type',
  1 => 'name',
  2 => 'data',
) ]
[ info ] [ LOG ] INIT File
[ sql ] [ DB ] CONNECT:[ UseTime:0.001000s ] mysql:host=127.0.0.1;dbname=tp;charset=utf8
[ sql ] [ SQL ] SHOW COLUMNS FROM `oa_bgtype` [ RunTime:0.007501s ]
[ sql ] [ SQL ] SELECT `id`,`type` FROM `oa_bgtype` [ RunTime:0.000500s ]
[ sql ] [ SQL ] SHOW COLUMNS FROM `oa_member` [ RunTime:0.008001s ]
[ sql ] [ SQL ] SELECT `id`,`member_name` FROM `oa_member` [ RunTime:0.001000s ]
[ sql ] [ SQL ] SHOW COLUMNS FROM `oa_blog` [ RunTime:0.006001s ]
[ sql ] [ SQL ] SELECT COUNT(*) AS tp_count FROM `oa_blog` `a` LEFT JOIN `oa_bgtype` `b` ON `a`.`type_id`=`b`.`id` LEFT JOIN `oa_member` `c` ON `a`.`add_userid`=`c`.`id` WHERE  `add_userid` IS NULL LIMIT 1 [ RunTime:0.000500s ]
[ sql ] [ SQL ] SELECT * FROM `oa_blog` `a` LEFT JOIN `oa_bgtype` `b` ON `a`.`type_id`=`b`.`id` LEFT JOIN `oa_member` `c` ON `a`.`add_userid`=`c`.`id` WHERE  `add_userid` IS NULL LIMIT 0,10 [ RunTime:0.000500s ]
---------------------------------------------------------------
[ 2018-11-24T14:22:52+08:00 ] 127.0.0.1 GET www.oa.com/rule/index.html
[运行时间：0.059007s] [吞吐率：16.95req/s] [内存消耗：2,408.95kb] [文件加载：54]
[ info ] [ LANG ] D:\my\kecheng\thinkphp\OAofficeSystem\thinkphp\lang\zh-cn.php
[ info ] [ BIND ] 'oa'
[ info ] [ ROUTE ] array (
  'type' => 'module',
  'module' => 
  array (
    0 => 'oa',
    1 => 'rule',
    2 => 'index',
  ),
)
[ info ] [ HEADER ] array (
  'cookie' => 'pgv_pvi=1614578688; PHPSESSID=angf35uu2giimugqmssa6q4bl6',
  'accept-language' => 'zh-CN,zh;q=0.9',
  'accept-encoding' => 'gzip, deflate',
  'referer' => 'http://www.oa.com/index/index.html',
  'accept' => 'text/html,application/xhtml+xml,application/xml;q=0.9,image/webp,image/apng,*/*;q=0.8',
  'user-agent' => 'Mozilla/5.0 (Windows NT 6.1; WOW64) AppleWebKit/537.36 (KHTML, like Gecko) Chrome/70.0.3538.102 Safari/537.36',
  'upgrade-insecure-requests' => '1',
  'cache-control' => 'no-cache',
  'pragma' => 'no-cache',
  'connection' => 'close',
  'host' => 'www.oa.com',
)
[ info ] [ PARAM ] array (
  'rule/index_html' => '',
)
[ info ] [ SESSION ] INIT array (
  'id' => '',
  'var_session_id' => '',
  'prefix' => 'think',
  'type' => '',
  'auto_start' => true,
)
[ info ] [ DB ] INIT mysql
[ info ] [ RUN ] app\oa\controller\Rule->index[ D:\my\kecheng\thinkphp\OAofficeSystem\application\oa\controller\Rule.php ]
[ info ] [ VIEW ] D:\my\kecheng\thinkphp\OAofficeSystem\public/../application/oa\view\rule\index.html [ array (
  0 => 'tree',
  1 => 'data',
) ]
[ info ] [ LOG ] INIT File
[ sql ] [ DB ] CONNECT:[ UseTime:0.000500s ] mysql:host=127.0.0.1;dbname=tp;charset=utf8
[ sql ] [ SQL ] SHOW COLUMNS FROM `oa_groups` [ RunTime:0.007001s ]
[ sql ] [ SQL ] SELECT `permission` FROM `oa_groups` WHERE  `id` = 1 LIMIT 1 [ RunTime:0.000500s ]
[ sql ] [ SQL ] SHOW COLUMNS FROM `oa_rule` [ RunTime:0.007001s ]
[ sql ] [ SQL ] SELECT * FROM `oa_rule` WHERE  `is_show` = 1  AND `status` = 1 [ RunTime:0.000500s ]
[ sql ] [ SQL ] SELECT * FROM `oa_rule` [ RunTime:0.001001s ]
---------------------------------------------------------------
[ 2018-11-24T21:46:39+08:00 ] 127.0.0.1 GET blog.oa.com/index/index.html
[运行时间：0.112014s] [吞吐率：8.93req/s] [内存消耗：2,416.23kb] [文件加载：56]
[ info ] [ LANG ] D:\my\kecheng\thinkphp\OAofficeSystem\thinkphp\lang\zh-cn.php
[ info ] [ BIND ] 'blog'
[ info ] [ ROUTE ] array (
  'type' => 'module',
  'module' => 
  array (
    0 => 'blog',
    1 => 'index',
    2 => 'index',
  ),
)
[ info ] [ HEADER ] array (
  'cookie' => 'pgv_pvi=1614578688; PHPSESSID=kutvugiekq7idtev48l8hmggk0',
  'accept-language' => 'zh-CN,zh;q=0.9',
  'accept-encoding' => 'gzip, deflate',
  'referer' => 'http://blog.oa.com/index/article/id/0/lid/3.html',
  'accept' => 'text/html,application/xhtml+xml,application/xml;q=0.9,image/webp,image/apng,*/*;q=0.8',
  'user-agent' => 'Mozilla/5.0 (Windows NT 6.1; WOW64) AppleWebKit/537.36 (KHTML, like Gecko) Chrome/70.0.3538.102 Safari/537.36',
  'upgrade-insecure-requests' => '1',
  'connection' => 'close',
  'host' => 'blog.oa.com',
)
[ info ] [ PARAM ] array (
  'index/index_html' => '',
)
[ info ] [ RUN ] app\blog\controller\Index->index[ D:\my\kecheng\thinkphp\OAofficeSystem\application\blog\controller\Index.php ]
[ info ] [ SESSION ] INIT array (
  'id' => '',
  'var_session_id' => '',
  'prefix' => 'think',
  'type' => '',
  'auto_start' => true,
)
[ info ] [ DB ] INIT mysql
[ info ] [ VIEW ] D:\my\kecheng\thinkphp\OAofficeSystem\public/../application/blog\view\index\index.html [ array (
  0 => 'type',
  1 => 'name',
  2 => 'data',
) ]
[ info ] [ LOG ] INIT File
[ sql ] [ DB ] CONNECT:[ UseTime:0.001000s ] mysql:host=127.0.0.1;dbname=tp;charset=utf8
[ sql ] [ SQL ] SHOW COLUMNS FROM `oa_bgtype` [ RunTime:0.008501s ]
[ sql ] [ SQL ] SELECT `id`,`type` FROM `oa_bgtype` [ RunTime:0.000500s ]
[ sql ] [ SQL ] SHOW COLUMNS FROM `oa_member` [ RunTime:0.009001s ]
[ sql ] [ SQL ] SELECT `id`,`member_name` FROM `oa_member` [ RunTime:0.000500s ]
[ sql ] [ SQL ] SHOW COLUMNS FROM `oa_blog` [ RunTime:0.008501s ]
[ sql ] [ SQL ] SELECT COUNT(*) AS tp_count FROM `oa_blog` `a` LEFT JOIN `oa_bgtype` `b` ON `a`.`type_id`=`b`.`id` LEFT JOIN `oa_member` `c` ON `a`.`add_userid`=`c`.`id` WHERE  `add_userid` IS NULL LIMIT 1 [ RunTime:0.000000s ]
[ sql ] [ SQL ] SELECT * FROM `oa_blog` `a` LEFT JOIN `oa_bgtype` `b` ON `a`.`type_id`=`b`.`id` LEFT JOIN `oa_member` `c` ON `a`.`add_userid`=`c`.`id` WHERE  `add_userid` IS NULL LIMIT 0,10 [ RunTime:0.000500s ]
